INFO 2025-09-22 18:54:17,629 autoreload 88432 53668 Watching for file changes with StatReloader
INFO 2025-09-22 19:00:04,673 autoreload 68872 63632 Watching for file changes with StatReloader
INFO 2025-09-22 19:00:38,513 basehttp 68872 38240 "GET /api/contacts/?laboratoire_id=1 HTTP/1.1" 200 277
WARNING 2025-09-22 19:01:03,484 services 68872 38240 Aucun email trouvé pour le laboratoire laboratoire2
INFO 2025-09-22 19:01:03,485 views 68872 38240 Notification envoyée au laboratoire pour le message 7
ERROR 2025-09-22 19:01:05,105 services 68872 38240 Erreur lors de l'envoi de l'email de confirmation : (535, b'5.7.8 Username and Password not accepted. For more information, go to\n5.7.8  https://support.google.com/mail/?p=BadCredentials 5b1f17b1804b1-45f3252260csm154803845e9.2 - gsmtp')
INFO 2025-09-22 19:01:05,107 views 68872 38240 Confirmation envoyée à l'expéditeur pour le message 7
INFO 2025-09-22 19:01:05,110 basehttp 68872 38240 "POST /api/messages/ HTTP/1.1" 201 262
INFO 2025-09-22 19:02:24,878 autoreload 68872 63632 C:\Users\HOUESSOU\Desktop\una\backand\backand\settings.py changed, reloading.
INFO 2025-09-22 19:02:26,629 autoreload 20604 79948 Watching for file changes with StatReloader
INFO 2025-09-22 19:02:33,459 autoreload 20604 79948 C:\Users\HOUESSOU\Desktop\una\backand\backand\settings.py changed, reloading.
INFO 2025-09-22 19:02:34,127 autoreload 50960 7096 Watching for file changes with StatReloader
INFO 2025-09-22 19:02:42,831 autoreload 50960 7096 C:\Users\HOUESSOU\Desktop\una\backand\api\services.py changed, reloading.
INFO 2025-09-22 19:02:43,710 autoreload 85808 9260 Watching for file changes with StatReloader
INFO 2025-09-22 19:03:29,130 autoreload 85808 9260 C:\Users\HOUESSOU\Desktop\una\backand\api\services.py changed, reloading.
INFO 2025-09-22 19:03:30,199 autoreload 13324 65584 Watching for file changes with StatReloader
INFO 2025-09-22 19:04:04,521 services 79064 22780 Email de notification envoyé avec succès pour le message 8
INFO 2025-09-22 19:04:04,523 services 79064 22780 Email de confirmation envoyé avec succès à test.debug@example.com
INFO 2025-09-22 19:04:17,238 autoreload 38904 36464 Watching for file changes with StatReloader
INFO 2025-09-22 19:04:22,577 basehttp 38904 41744 "GET /api/contacts/?laboratoire_id=1 HTTP/1.1" 200 277
WARNING 2025-09-22 19:04:42,789 services 38904 41744 Aucun email trouvé pour le laboratoire laboratoire2
INFO 2025-09-22 19:04:42,789 views 38904 41744 Notification envoyée au laboratoire pour le message 9
INFO 2025-09-22 19:04:42,807 services 38904 41744 Email de confirmation envoyé avec succès à houessoueros1@gmail.com
INFO 2025-09-22 19:04:42,808 views 38904 41744 Confirmation envoyée à l'expéditeur pour le message 9
INFO 2025-09-22 19:04:42,810 basehttp 38904 41744 "POST /api/messages/ HTTP/1.1" 201 255
INFO 2025-09-22 19:07:15,975 services 68020 97992 Email de notification envoyé avec succès pour le message 10
INFO 2025-09-22 19:07:15,979 services 68020 97992 Email de confirmation envoyé avec succès à test.debug@example.com
INFO 2025-09-22 19:11:11,224 autoreload 35320 84640 Watching for file changes with StatReloader
WARNING 2025-09-22 19:11:38,625 services 35320 69264 Aucun email trouvé pour le laboratoire laboratoire2
INFO 2025-09-22 19:11:38,626 views 35320 69264 Notification envoyée au laboratoire pour le message 11
INFO 2025-09-22 19:11:38,642 services 35320 69264 Email de confirmation envoyé avec succès à houessoueros1@gmail.com
INFO 2025-09-22 19:11:38,642 views 35320 69264 Confirmation envoyée à l'expéditeur pour le message 11
INFO 2025-09-22 19:11:38,646 basehttp 35320 69264 "POST /api/messages/ HTTP/1.1" 201 252
INFO 2025-09-23 09:47:18,384 basehttp 35320 46372 "OPTIONS /api/chercheurs/?laboratoire_id=1 HTTP/1.1" 200 0
INFO 2025-09-23 09:47:18,833 basehttp 35320 46372 "GET /api/chercheurs/?laboratoire_id=1 HTTP/1.1" 200 430
INFO 2025-09-23 09:47:19,188 basehttp 35320 19644 "GET /media/static/photoTeam/Capture_d%C3%A9cran_2025-08-22_151532.png HTTP/1.1" 304 0
INFO 2025-09-23 13:17:38,706 autoreload 32300 42168 Watching for file changes with StatReloader
INFO 2025-09-23 13:45:09,286 autoreload 79104 75324 Watching for file changes with StatReloader
WARNING 2025-09-23 13:45:47,627 log 79104 82940 Not Found: /
WARNING 2025-09-23 13:45:47,628 basehttp 79104 82940 "GET / HTTP/1.1" 404 2474
INFO 2025-09-23 13:46:01,588 basehttp 79104 5196 "OPTIONS /api/chercheurs/?laboratoire_id=1 HTTP/1.1" 200 0
INFO 2025-09-23 13:46:01,623 basehttp 79104 5196 "GET /api/chercheurs/?laboratoire_id=1 HTTP/1.1" 200 430
INFO 2025-09-23 13:46:01,657 basehttp 79104 15304 "GET /media/static/photoTeam/Capture_d%C3%A9cran_2025-08-22_151532.png HTTP/1.1" 304 0
INFO 2025-09-23 13:46:08,605 basehttp 79104 5196 "OPTIONS /api/publications/ HTTP/1.1" 200 0
INFO 2025-09-23 13:46:08,633 basehttp 79104 5196 "GET /api/publications/ HTTP/1.1" 200 1618
INFO 2025-09-23 13:46:13,546 basehttp 79104 5196 "OPTIONS /api/contacts/?laboratoire_id=1 HTTP/1.1" 200 0
INFO 2025-09-23 13:46:13,601 basehttp 79104 5196 "GET /api/contacts/?laboratoire_id=1 HTTP/1.1" 200 277
INFO 2025-09-23 13:46:37,985 basehttp 79104 5196 "OPTIONS /api/messages/ HTTP/1.1" 200 0
WARNING 2025-09-23 13:46:38,045 services 79104 5196 Aucun email trouvé pour le laboratoire laboratoire2
INFO 2025-09-23 13:46:38,045 views 79104 5196 Notification envoyée au laboratoire pour le message 12
INFO 2025-09-23 13:46:38,064 services 79104 5196 Email de confirmation envoyé avec succès à houessoueros1@gmail.com
INFO 2025-09-23 13:46:38,064 views 79104 5196 Confirmation envoyée à l'expéditeur pour le message 12
INFO 2025-09-23 13:46:38,066 basehttp 79104 5196 "POST /api/messages/ HTTP/1.1" 201 250
INFO 2025-09-23 13:48:59,259 autoreload 79104 75324 C:\Users\HOUESSOU\Desktop\una\backand\backand\settings.py changed, reloading.
INFO 2025-09-23 13:49:00,609 autoreload 78176 37156 Watching for file changes with StatReloader
INFO 2025-09-23 13:49:10,472 autoreload 78176 37156 C:\Users\HOUESSOU\Desktop\una\backand\backand\settings.py changed, reloading.
INFO 2025-09-23 13:49:11,169 autoreload 92016 77772 Watching for file changes with StatReloader
INFO 2025-09-23 13:50:12,546 basehttp 92016 60600 "GET /api/contacts/?laboratoire_id=1 HTTP/1.1" 200 277
WARNING 2025-09-23 13:50:38,282 services 92016 60600 Aucun email trouvé pour le laboratoire laboratoire2
INFO 2025-09-23 13:50:38,282 views 92016 60600 Notification envoyée au laboratoire pour le message 13
INFO 2025-09-23 13:50:40,624 services 92016 60600 Email de confirmation envoyé avec succès à houessoueros1@gmail.com
INFO 2025-09-23 13:50:40,624 views 92016 60600 Confirmation envoyée à l'expéditeur pour le message 13
INFO 2025-09-23 13:50:40,626 basehttp 92016 60600 "POST /api/messages/ HTTP/1.1" 201 251
INFO 2025-09-23 13:52:07,426 autoreload 92016 77772 C:\Users\HOUESSOU\Desktop\una\backand\backand\settings.py changed, reloading.
INFO 2025-09-23 13:52:08,674 autoreload 10720 29772 Watching for file changes with StatReloader
INFO 2025-09-23 13:53:20,033 autoreload 10720 29772 C:\Users\HOUESSOU\Desktop\una\backand\backand\settings.py changed, reloading.
INFO 2025-09-23 13:53:20,888 autoreload 86784 43508 Watching for file changes with StatReloader
INFO 2025-09-23 13:53:33,732 autoreload 86784 43508 C:\Users\HOUESSOU\Desktop\una\backand\api\services.py changed, reloading.
INFO 2025-09-23 13:53:34,418 autoreload 72012 27532 Watching for file changes with StatReloader
INFO 2025-09-23 13:53:42,158 autoreload 72012 27532 C:\Users\HOUESSOU\Desktop\una\backand\backand\settings.py changed, reloading.
INFO 2025-09-23 13:53:43,000 autoreload 52016 82936 Watching for file changes with StatReloader
INFO 2025-09-23 13:54:29,768 services 52016 52416 Email de notification envoyé avec succès pour le message 14
INFO 2025-09-23 13:54:29,768 views 52016 52416 Notification envoyée au laboratoire pour le message 14
INFO 2025-09-23 13:54:31,926 services 52016 52416 Email de confirmation envoyé avec succès à houessoueros1@gmail.com
INFO 2025-09-23 13:54:31,926 views 52016 52416 Confirmation envoyée à l'expéditeur pour le message 14
INFO 2025-09-23 13:54:31,929 basehttp 52016 52416 "POST /api/messages/ HTTP/1.1" 201 258
INFO 2025-09-23 13:57:07,697 services 52016 31544 Email de notification envoyé avec succès pour le message 15
INFO 2025-09-23 13:57:07,701 views 52016 31544 Notification envoyée au laboratoire pour le message 15
INFO 2025-09-23 13:57:09,826 services 52016 31544 Email de confirmation envoyé avec succès à ssiakat212@gmail.com
INFO 2025-09-23 13:57:09,826 views 52016 31544 Confirmation envoyée à l'expéditeur pour le message 15
INFO 2025-09-23 13:57:09,830 basehttp 52016 31544 "POST /api/messages/ HTTP/1.1" 201 245
INFO 2025-09-23 14:16:22,224 autoreload 52016 82936 C:\Users\HOUESSOU\Desktop\una\backand\backand\settings.py changed, reloading.
INFO 2025-09-23 14:16:23,576 autoreload 92912 42604 Watching for file changes with StatReloader
INFO 2025-09-23 14:16:27,656 autoreload 92912 42604 C:\Users\HOUESSOU\Desktop\una\backand\api\services.py changed, reloading.
INFO 2025-09-23 14:16:28,498 autoreload 17180 44428 Watching for file changes with StatReloader
INFO 2025-09-23 14:16:34,309 autoreload 17180 44428 C:\Users\HOUESSOU\Desktop\una\backand\api\services.py changed, reloading.
INFO 2025-09-23 14:16:35,073 autoreload 4044 18368 Watching for file changes with StatReloader
INFO 2025-09-23 14:16:39,794 autoreload 4044 18368 C:\Users\HOUESSOU\Desktop\una\backand\api\services.py changed, reloading.
INFO 2025-09-23 14:16:40,523 autoreload 66616 60672 Watching for file changes with StatReloader
INFO 2025-09-23 14:22:31,829 autoreload 66616 60672 C:\Users\HOUESSOU\Desktop\una\backand\backand\settings.py changed, reloading.
INFO 2025-09-23 14:22:33,034 autoreload 14792 51800 Watching for file changes with StatReloader
INFO 2025-09-23 14:22:39,075 autoreload 14792 51800 C:\Users\HOUESSOU\Desktop\una\backand\backand\settings.py changed, reloading.
INFO 2025-09-23 14:22:40,009 autoreload 78004 26060 Watching for file changes with StatReloader
INFO 2025-09-23 14:23:22,662 autoreload 78004 26060 C:\Users\HOUESSOU\Desktop\una\backand\backand\settings.py changed, reloading.
INFO 2025-09-23 14:23:23,556 autoreload 61924 96884 Watching for file changes with StatReloader
INFO 2025-09-23 14:24:40,072 autoreload 61924 96884 C:\Users\HOUESSOU\Desktop\una\backand\backand\settings.py changed, reloading.
INFO 2025-09-23 14:24:40,837 autoreload 65896 48732 Watching for file changes with StatReloader
INFO 2025-09-23 14:24:44,469 autoreload 65896 48732 C:\Users\HOUESSOU\Desktop\una\backand\backand\settings.py changed, reloading.
INFO 2025-09-23 14:24:45,464 autoreload 31752 5556 Watching for file changes with StatReloader
INFO 2025-09-23 14:25:03,402 autoreload 31752 5556 C:\Users\HOUESSOU\Desktop\una\backand\backand\settings.py changed, reloading.
INFO 2025-09-23 14:25:04,189 autoreload 67868 72536 Watching for file changes with StatReloader
INFO 2025-09-23 14:25:57,018 autoreload 67868 72536 C:\Users\HOUESSOU\Desktop\una\backand\api\models.py changed, reloading.
INFO 2025-09-23 14:25:57,799 autoreload 12400 30384 Watching for file changes with StatReloader
INFO 2025-09-23 14:26:07,647 autoreload 12400 30384 C:\Users\HOUESSOU\Desktop\una\backand\api\models.py changed, reloading.
INFO 2025-09-23 14:26:08,768 autoreload 97832 52964 Watching for file changes with StatReloader
INFO 2025-09-23 14:26:53,167 autoreload 47664 57996 Watching for file changes with StatReloader
WARNING 2025-09-23 14:26:58,017 log 47664 37536 Not Found: /
WARNING 2025-09-23 14:26:58,018 basehttp 47664 37536 "GET / HTTP/1.1" 404 2474
INFO 2025-09-23 14:27:03,558 basehttp 47664 37536 "GET /admin/ HTTP/1.1" 302 0
INFO 2025-09-23 14:27:03,680 basehttp 47664 37536 "GET /admin/login/?next=/admin/ HTTP/1.1" 200 4185
INFO 2025-09-23 14:27:03,801 basehttp 47664 37536 "GET /static/admin/css/base.css HTTP/1.1" 304 0
INFO 2025-09-23 14:27:03,811 basehttp 47664 2816 "GET /static/admin/css/dark_mode.css HTTP/1.1" 304 0
INFO 2025-09-23 14:27:03,812 basehttp 47664 37536 "GET /static/admin/css/responsive.css HTTP/1.1" 304 0
INFO 2025-09-23 14:27:03,814 basehttp 47664 67604 "GET /static/admin/js/theme.js HTTP/1.1" 304 0
INFO 2025-09-23 14:27:03,814 basehttp 47664 51684 "GET /static/admin/css/login.css HTTP/1.1" 304 0
INFO 2025-09-23 14:27:03,818 basehttp 47664 38656 "GET /static/admin/css/nav_sidebar.css HTTP/1.1" 304 0
INFO 2025-09-23 14:27:03,819 basehttp 47664 89256 "GET /static/admin/js/nav_sidebar.js HTTP/1.1" 304 0
INFO 2025-09-23 14:27:08,350 basehttp 47664 37536 "POST /admin/login/?next=/admin/ HTTP/1.1" 302 0
INFO 2025-09-23 14:27:08,415 basehttp 47664 37536 "GET /admin/ HTTP/1.1" 200 34010
INFO 2025-09-23 14:27:08,514 basehttp 47664 2816 "GET /static/admin/css/dashboard.css HTTP/1.1" 304 0
INFO 2025-09-23 14:27:14,240 basehttp 47664 37536 "GET /admin/api/contactlaboratoire/ HTTP/1.1" 200 30330
INFO 2025-09-23 14:27:14,383 basehttp 47664 89256 "GET /static/admin/js/jquery.init.js HTTP/1.1" 304 0
INFO 2025-09-23 14:27:14,385 basehttp 47664 67604 "GET /static/admin/css/changelists.css HTTP/1.1" 304 0
INFO 2025-09-23 14:27:14,387 basehttp 47664 38656 "GET /static/admin/js/vendor/jquery/jquery.js HTTP/1.1" 304 0
INFO 2025-09-23 14:27:14,387 basehttp 47664 37536 "GET /static/admin/js/admin/RelatedObjectLookups.js HTTP/1.1" 304 0
INFO 2025-09-23 14:27:14,389 basehttp 47664 2816 "GET /static/admin/js/core.js HTTP/1.1" 304 0
INFO 2025-09-23 14:27:14,398 basehttp 47664 67604 "GET /static/admin/js/vendor/xregexp/xregexp.js HTTP/1.1" 304 0
INFO 2025-09-23 14:27:14,398 basehttp 47664 37536 "GET /static/admin/js/prepopulate.js HTTP/1.1" 304 0
INFO 2025-09-23 14:27:14,400 basehttp 47664 89256 "GET /static/admin/js/actions.js HTTP/1.1" 304 0
INFO 2025-09-23 14:27:14,400 basehttp 47664 38656 "GET /static/admin/js/urlify.js HTTP/1.1" 304 0
INFO 2025-09-23 14:27:14,403 basehttp 47664 2816 "GET /static/admin/js/filters.js HTTP/1.1" 304 0
INFO 2025-09-23 14:27:14,409 basehttp 47664 51684 "GET /admin/jsi18n/ HTTP/1.1" 200 3342
INFO 2025-09-23 14:27:18,120 basehttp 47664 37536 "GET /admin/api/contactlaboratoire/1/change/ HTTP/1.1" 200 33849
INFO 2025-09-23 14:27:18,279 basehttp 47664 51684 "GET /admin/jsi18n/ HTTP/1.1" 200 3342
INFO 2025-09-23 14:27:18,434 basehttp 47664 67604 "GET /static/admin/css/forms.css HTTP/1.1" 200 8525
INFO 2025-09-23 14:27:18,434 basehttp 47664 89256 "GET /static/admin/js/prepopulate_init.js HTTP/1.1" 200 586
INFO 2025-09-23 14:27:18,447 basehttp 47664 51684 "GET /static/admin/js/change_form.js HTTP/1.1" 200 606
INFO 2025-09-23 14:27:18,455 basehttp 47664 67604 "GET /static/admin/css/widgets.css HTTP/1.1" 304 0
INFO 2025-09-23 14:27:52,368 basehttp 47664 37536 "POST /admin/api/contactlaboratoire/1/change/ HTTP/1.1" 200 34099
INFO 2025-09-23 14:27:52,483 basehttp 47664 67604 "GET /admin/jsi18n/ HTTP/1.1" 200 3342
INFO 2025-09-23 14:28:01,056 basehttp 47664 37536 "POST /admin/api/contactlaboratoire/1/change/ HTTP/1.1" 302 0
INFO 2025-09-23 14:28:01,094 basehttp 47664 37536 "GET /admin/api/contactlaboratoire/ HTTP/1.1" 200 30570
INFO 2025-09-23 14:28:01,192 basehttp 47664 67604 "GET /admin/jsi18n/ HTTP/1.1" 200 3342
INFO 2025-09-23 14:28:10,205 basehttp 47664 37536 "GET /admin/api/contactlaboratoire/2/change/ HTTP/1.1" 200 33857
INFO 2025-09-23 14:28:10,318 basehttp 47664 67604 "GET /admin/jsi18n/ HTTP/1.1" 200 3342
INFO 2025-09-23 14:28:21,814 basehttp 47664 37536 "GET /admin/api/contactlaboratoire/ HTTP/1.1" 200 30330
INFO 2025-09-23 14:30:39,015 autoreload 47664 57996 C:\Users\HOUESSOU\Desktop\una\backand\api\services.py changed, reloading.
INFO 2025-09-23 14:30:40,008 autoreload 38272 70028 Watching for file changes with StatReloader
INFO 2025-09-23 14:30:49,876 autoreload 38272 70028 C:\Users\HOUESSOU\Desktop\una\backand\api\services.py changed, reloading.
INFO 2025-09-23 14:30:50,789 autoreload 70884 5196 Watching for file changes with StatReloader
INFO 2025-09-23 14:31:46,664 autoreload 70884 5196 C:\Users\HOUESSOU\Desktop\una\backand\api\services.py changed, reloading.
INFO 2025-09-23 14:31:47,302 autoreload 93752 42376 Watching for file changes with StatReloader
INFO 2025-09-23 14:32:45,542 autoreload 93752 42376 C:\Users\HOUESSOU\Desktop\una\backand\api\services.py changed, reloading.
INFO 2025-09-23 14:32:46,441 autoreload 96372 92188 Watching for file changes with StatReloader
INFO 2025-09-23 14:33:10,433 autoreload 96372 92188 C:\Users\HOUESSOU\Desktop\una\backand\api\services.py changed, reloading.
INFO 2025-09-23 14:33:11,118 autoreload 95132 66696 Watching for file changes with StatReloader
INFO 2025-09-23 14:33:16,779 autoreload 95132 66696 C:\Users\HOUESSOU\Desktop\una\backand\api\services.py changed, reloading.
INFO 2025-09-23 14:33:17,502 autoreload 65584 49552 Watching for file changes with StatReloader
INFO 2025-09-23 14:33:19,091 autoreload 65584 49552 C:\Users\HOUESSOU\Desktop\una\backand\api\services.py changed, reloading.
INFO 2025-09-23 14:33:19,833 autoreload 73824 12264 Watching for file changes with StatReloader
INFO 2025-09-23 14:34:41,338 autoreload 73824 12264 C:\Users\HOUESSOU\Desktop\una\backand\backand\settings.py changed, reloading.
INFO 2025-09-23 14:34:42,053 autoreload 79492 43024 Watching for file changes with StatReloader
INFO 2025-09-23 14:34:47,765 autoreload 79492 43024 C:\Users\HOUESSOU\Desktop\una\backand\backand\settings.py changed, reloading.
INFO 2025-09-23 14:34:48,483 autoreload 51084 79632 Watching for file changes with StatReloader
INFO 2025-09-23 14:35:14,662 autoreload 51084 79632 C:\Users\HOUESSOU\Desktop\una\backand\backand\settings.py changed, reloading.
INFO 2025-09-23 14:35:15,469 autoreload 80708 47108 Watching for file changes with StatReloader
INFO 2025-09-23 14:35:23,579 basehttp 80708 38024 "GET /api/contacts/?laboratoire_id=1 HTTP/1.1" 200 277
WARNING 2025-09-23 14:35:44,840 services 80708 38024 Aucun email principal configuré pour le laboratoire laboratoire2
INFO 2025-09-23 14:35:44,840 views 80708 38024 Notification envoyée au laboratoire pour le message 16
ERROR 2025-09-23 14:35:46,364 services 80708 38024 Erreur lors de l'envoi de l'email de confirmation : (530, b'5.7.0 Authentication Required. For more information, go to\n5.7.0  https://support.google.com/accounts/troubleshooter/2402620. 5b1f17b1804b1-464f64ad1b0sm274789435e9.21 - gsmtp', 'no-reply@localhost')
ERROR 2025-09-23 14:35:46,364 services 80708 38024 ERREUR GMAIL: Authentification en 2 étapes non activée ou configuration incorrecte.
INFO 2025-09-23 14:35:46,364 views 80708 38024 Confirmation envoyée à l'expéditeur pour le message 16
INFO 2025-09-23 14:35:46,367 basehttp 80708 38024 "POST /api/messages/ HTTP/1.1" 201 248
INFO 2025-09-23 14:37:34,879 basehttp 80708 21252 "GET /admin/api/contactlaboratoire/1/change/ HTTP/1.1" 200 33970
INFO 2025-09-23 14:37:35,078 basehttp 80708 21252 "GET /admin/jsi18n/ HTTP/1.1" 200 3342
INFO 2025-09-23 14:37:35,356 basehttp 80708 21252 - Broken pipe from ('127.0.0.1', 64446)
WARNING 2025-09-23 14:37:35,401 log 80708 68512 Not Found: /favicon.ico
INFO 2025-09-23 14:37:35,403 basehttp 80708 68512 - Broken pipe from ('127.0.0.1', 64451)
INFO 2025-09-23 14:37:41,918 basehttp 80708 53588 "POST /admin/api/contactlaboratoire/1/change/ HTTP/1.1" 302 0
INFO 2025-09-23 14:37:42,005 basehttp 80708 53588 "GET /admin/api/contactlaboratoire/ HTTP/1.1" 200 30570
INFO 2025-09-23 14:37:42,187 basehttp 80708 53588 "GET /admin/jsi18n/ HTTP/1.1" 200 3342
INFO 2025-09-23 14:38:18,533 basehttp 80708 66392 "GET /api/contacts/?laboratoire_id=1 HTTP/1.1" 200 277
WARNING 2025-09-23 14:38:42,433 services 80708 66392 Aucun email principal configuré pour le laboratoire laboratoire2
INFO 2025-09-23 14:38:42,433 views 80708 66392 Notification envoyée au laboratoire pour le message 17
ERROR 2025-09-23 14:38:43,664 services 80708 66392 Erreur lors de l'envoi de l'email de confirmation : (530, b'5.7.0 Authentication Required. For more information, go to\n5.7.0  https://support.google.com/accounts/troubleshooter/2402620. ffacd0b85a97d-3f88de2d075sm12393799f8f.35 - gsmtp', 'no-reply@localhost')
ERROR 2025-09-23 14:38:43,664 services 80708 66392 ERREUR GMAIL: Authentification en 2 étapes non activée ou configuration incorrecte.
INFO 2025-09-23 14:38:43,664 views 80708 66392 Confirmation envoyée à l'expéditeur pour le message 17
INFO 2025-09-23 14:38:43,668 basehttp 80708 66392 "POST /api/messages/ HTTP/1.1" 201 253
INFO 2025-09-23 14:40:17,464 autoreload 38876 74268 Watching for file changes with StatReloader
INFO 2025-09-23 14:41:54,457 autoreload 38876 74268 C:\Users\HOUESSOU\Desktop\una\backand\api\services.py changed, reloading.
INFO 2025-09-23 14:41:55,236 autoreload 68824 29420 Watching for file changes with StatReloader
INFO 2025-09-23 14:42:04,988 autoreload 68824 29420 C:\Users\HOUESSOU\Desktop\una\backand\api\views.py changed, reloading.
INFO 2025-09-23 14:42:06,136 autoreload 63900 82228 Watching for file changes with StatReloader
INFO 2025-09-23 14:42:15,671 autoreload 63900 82228 C:\Users\HOUESSOU\Desktop\una\backand\api\views.py changed, reloading.
INFO 2025-09-23 14:42:16,633 autoreload 27608 71304 Watching for file changes with StatReloader
INFO 2025-09-23 14:42:34,806 autoreload 27608 71304 C:\Users\HOUESSOU\Desktop\una\backand\api\services.py changed, reloading.
INFO 2025-09-23 14:42:35,542 autoreload 79168 18184 Watching for file changes with StatReloader
WARNING 2025-09-23 14:43:01,901 services 79168 7508 Aucun email principal configuré pour le laboratoire laboratoire2
WARNING 2025-09-23 14:43:01,902 views 79168 7508 Notification NON envoyée (config manquante) pour le message 18
WARNING 2025-09-23 14:43:01,904 services 79168 7508 Identifiants SMTP manquants pour envoyer la confirmation (laboratoire laboratoire2)
WARNING 2025-09-23 14:43:01,905 views 79168 7508 Confirmation NON envoyée (config manquante) pour le message 18
INFO 2025-09-23 14:43:01,906 basehttp 79168 7508 "POST /api/messages/ HTTP/1.1" 201 251
INFO 2025-09-23 14:43:25,283 basehttp 79168 7508 "GET /api/contacts/?laboratoire_id=1 HTTP/1.1" 200 277
WARNING 2025-09-23 14:43:48,253 services 79168 7508 Aucun email principal configuré pour le laboratoire laboratoire2
WARNING 2025-09-23 14:43:48,253 views 79168 7508 Notification NON envoyée (config manquante) pour le message 19
WARNING 2025-09-23 14:43:48,261 services 79168 7508 Identifiants SMTP manquants pour envoyer la confirmation (laboratoire laboratoire2)
WARNING 2025-09-23 14:43:48,261 views 79168 7508 Confirmation NON envoyée (config manquante) pour le message 19
INFO 2025-09-23 14:43:48,264 basehttp 79168 7508 "POST /api/messages/ HTTP/1.1" 201 249
INFO 2025-09-23 14:45:00,242 autoreload 22524 11872 Watching for file changes with StatReloader
INFO 2025-09-23 14:47:03,763 basehttp 22524 80400 "GET /api/contacts/?laboratoire_id=1 HTTP/1.1" 200 277
WARNING 2025-09-23 14:47:24,388 services 22524 80400 Aucun email principal configuré pour le laboratoire laboratoire2
WARNING 2025-09-23 14:47:24,388 views 22524 80400 Notification NON envoyée (config manquante) pour le message 20
WARNING 2025-09-23 14:47:24,392 services 22524 80400 Identifiants SMTP manquants pour envoyer la confirmation (laboratoire laboratoire2)
WARNING 2025-09-23 14:47:24,392 views 22524 80400 Confirmation NON envoyée (config manquante) pour le message 20
INFO 2025-09-23 14:47:24,394 basehttp 22524 80400 "POST /api/messages/ HTTP/1.1" 201 258
INFO 2025-09-23 14:47:51,415 basehttp 22524 32652 "GET /admin/api/contactlaboratoire/1/change/ HTTP/1.1" 200 33970
WARNING 2025-09-23 14:47:51,750 log 22524 32652 Not Found: /favicon.ico
INFO 2025-09-23 14:47:51,752 basehttp 22524 32652 - Broken pipe from ('127.0.0.1', 49163)
INFO 2025-09-23 14:49:10,724 basehttp 22524 69108 "POST /admin/api/contactlaboratoire/1/change/ HTTP/1.1" 302 0
INFO 2025-09-23 14:49:10,797 basehttp 22524 69108 "GET /admin/api/contactlaboratoire/ HTTP/1.1" 200 30570
INFO 2025-09-23 14:49:10,941 basehttp 22524 69108 "GET /admin/jsi18n/ HTTP/1.1" 200 3342
INFO 2025-09-23 14:51:06,654 basehttp 22524 67388 "GET /admin/api/contactlaboratoire/1/change/ HTTP/1.1" 200 33970
INFO 2025-09-23 14:51:06,817 basehttp 22524 67388 "GET /admin/jsi18n/ HTTP/1.1" 200 3342
INFO 2025-09-23 14:51:14,492 basehttp 22524 67388 "POST /admin/api/contactlaboratoire/1/change/ HTTP/1.1" 302 0
INFO 2025-09-23 14:51:14,540 basehttp 22524 67388 "GET /admin/api/contactlaboratoire/ HTTP/1.1" 200 30594
INFO 2025-09-23 14:51:14,668 basehttp 22524 67388 "GET /admin/jsi18n/ HTTP/1.1" 200 3342
INFO 2025-09-23 14:51:27,855 basehttp 22524 67388 "GET /admin/api/contactlaboratoire/1/change/ HTTP/1.1" 200 33994
INFO 2025-09-23 14:51:27,964 basehttp 22524 67388 "GET /admin/jsi18n/ HTTP/1.1" 200 3342
INFO 2025-09-23 14:51:32,896 basehttp 22524 67388 "POST /admin/api/contactlaboratoire/1/change/ HTTP/1.1" 302 0
INFO 2025-09-23 14:51:32,946 basehttp 22524 67388 "GET /admin/api/contactlaboratoire/ HTTP/1.1" 200 30594
INFO 2025-09-23 14:51:33,090 basehttp 22524 67388 "GET /admin/jsi18n/ HTTP/1.1" 200 3342
INFO 2025-09-23 14:51:55,298 basehttp 22524 48648 "GET /api/contacts/?laboratoire_id=1 HTTP/1.1" 200 285
INFO 2025-09-23 14:51:55,972 basehttp 22524 48648 "OPTIONS /api/contacts/1/horaires/ HTTP/1.1" 200 0
INFO 2025-09-23 14:51:56,000 basehttp 22524 48648 "GET /api/contacts/1/horaires/ HTTP/1.1" 200 2
INFO 2025-09-23 14:52:18,278 services 22524 48648 Email de notification envoyé avec succès pour le message 21
INFO 2025-09-23 14:52:18,279 views 22524 48648 Notification envoyée au laboratoire pour le message 21
INFO 2025-09-23 14:52:20,352 services 22524 48648 Email de confirmation envoyé avec succès à houessoueros1@gmail.com
INFO 2025-09-23 14:52:20,352 views 22524 48648 Confirmation envoyée à l'expéditeur pour le message 21
INFO 2025-09-23 14:52:20,355 basehttp 22524 48648 "POST /api/messages/ HTTP/1.1" 201 258
INFO 2025-09-23 15:02:02,668 autoreload 22524 11872 C:\Users\HOUESSOU\Desktop\una\backand\api\services.py changed, reloading.
INFO 2025-09-23 15:02:04,081 autoreload 74824 23940 Watching for file changes with StatReloader
INFO 2025-09-23 15:02:18,236 autoreload 74824 23940 C:\Users\HOUESSOU\Desktop\una\backand\api\admin.py changed, reloading.
INFO 2025-09-23 15:02:19,299 autoreload 91164 20968 Watching for file changes with StatReloader
INFO 2025-09-23 15:02:32,389 autoreload 91164 20968 C:\Users\HOUESSOU\Desktop\una\backand\api\services.py changed, reloading.
INFO 2025-09-23 15:02:33,222 autoreload 23284 81164 Watching for file changes with StatReloader
INFO 2025-09-23 15:02:55,405 autoreload 23284 81164 C:\Users\HOUESSOU\Desktop\una\backand\api\services.py changed, reloading.
INFO 2025-09-23 15:02:56,043 autoreload 77380 46664 Watching for file changes with StatReloader
INFO 2025-09-23 15:03:02,633 basehttp 77380 91756 "GET /api/contacts/?laboratoire_id=1 HTTP/1.1" 200 285
INFO 2025-09-23 15:03:03,091 basehttp 77380 91756 "GET /api/contacts/1/horaires/ HTTP/1.1" 200 2
INFO 2025-09-23 15:03:32,358 services 77380 91756 Email de notification envoyé avec succès pour le message 22
INFO 2025-09-23 15:03:32,358 views 77380 91756 Notification envoyée au laboratoire pour le message 22
INFO 2025-09-23 15:03:34,684 services 77380 91756 Email de confirmation envoyé avec succès à houessoueros1@gmail.com
INFO 2025-09-23 15:03:34,684 views 77380 91756 Confirmation envoyée à l'expéditeur pour le message 22
INFO 2025-09-23 15:03:34,684 basehttp 77380 91756 "POST /api/messages/ HTTP/1.1" 201 254
INFO 2025-09-23 15:03:46,433 basehttp 77380 85272 "GET /admin/api/messagecontact/ HTTP/1.1" 200 44051
INFO 2025-09-23 15:03:46,588 basehttp 77380 85272 "GET /static/admin/css/base.css HTTP/1.1" 304 0
INFO 2025-09-23 15:03:46,591 basehttp 77380 16672 "GET /static/admin/css/dark_mode.css HTTP/1.1" 304 0
INFO 2025-09-23 15:03:46,599 basehttp 77380 85272 "GET /static/admin/css/changelists.css HTTP/1.1" 304 0
INFO 2025-09-23 15:03:46,602 basehttp 77380 73892 "GET /static/admin/js/theme.js HTTP/1.1" 304 0
INFO 2025-09-23 15:03:46,612 basehttp 77380 16672 "GET /static/admin/js/vendor/jquery/jquery.js HTTP/1.1" 304 0
INFO 2025-09-23 15:03:46,613 basehttp 77380 48920 "GET /static/admin/css/nav_sidebar.css HTTP/1.1" 304 0
INFO 2025-09-23 15:03:46,615 basehttp 77380 85272 "GET /static/admin/js/jquery.init.js HTTP/1.1" 304 0
INFO 2025-09-23 15:03:46,616 basehttp 77380 73892 "GET /static/admin/js/admin/RelatedObjectLookups.js HTTP/1.1" 304 0
INFO 2025-09-23 15:03:46,618 basehttp 77380 23560 "GET /static/admin/js/core.js HTTP/1.1" 304 0
INFO 2025-09-23 15:03:46,628 basehttp 77380 16672 "GET /static/admin/js/actions.js HTTP/1.1" 304 0
INFO 2025-09-23 15:03:46,630 basehttp 77380 48920 "GET /static/admin/js/urlify.js HTTP/1.1" 304 0
INFO 2025-09-23 15:03:46,633 basehttp 77380 85272 "GET /static/admin/js/prepopulate.js HTTP/1.1" 304 0
INFO 2025-09-23 15:03:46,633 basehttp 77380 23560 "GET /static/admin/css/responsive.css HTTP/1.1" 304 0
INFO 2025-09-23 15:03:46,635 basehttp 77380 73892 "GET /static/admin/js/vendor/xregexp/xregexp.js HTTP/1.1" 304 0
INFO 2025-09-23 15:03:46,642 basehttp 77380 16672 "GET /static/admin/js/nav_sidebar.js HTTP/1.1" 304 0
INFO 2025-09-23 15:03:46,642 basehttp 77380 48920 "GET /static/admin/js/filters.js HTTP/1.1" 304 0
INFO 2025-09-23 15:03:46,647 basehttp 77380 58388 "GET /admin/jsi18n/ HTTP/1.1" 200 3342
WARNING 2025-09-23 15:03:46,818 log 77380 58388 Not Found: /favicon.ico
INFO 2025-09-23 15:03:46,820 basehttp 77380 58388 - Broken pipe from ('127.0.0.1', 50638)
INFO 2025-09-23 15:03:49,332 basehttp 77380 85272 "GET /admin/api/messagecontact/22/change/ HTTP/1.1" 200 35669
INFO 2025-09-23 15:03:49,483 basehttp 77380 23560 "GET /admin/jsi18n/ HTTP/1.1" 200 3342
INFO 2025-09-23 15:03:49,491 basehttp 77380 23560 "GET /static/admin/js/calendar.js HTTP/1.1" 304 0
INFO 2025-09-23 15:03:49,494 basehttp 77380 23560 "GET /static/admin/js/admin/DateTimeShortcuts.js HTTP/1.1" 304 0
WARNING 2025-09-23 15:03:49,626 log 77380 23560 Not Found: /favicon.ico
INFO 2025-09-23 15:03:49,627 basehttp 77380 23560 - Broken pipe from ('127.0.0.1', 50639)
INFO 2025-09-23 15:04:37,826 services 77380 85272 Réponse admin envoyée avec succès à houessoueros1@gmail.com pour le message 22
INFO 2025-09-23 15:04:37,841 basehttp 77380 85272 "POST /admin/api/messagecontact/22/change/ HTTP/1.1" 302 0
INFO 2025-09-23 15:04:37,924 basehttp 77380 85272 "GET /admin/api/messagecontact/ HTTP/1.1" 200 44280
INFO 2025-09-23 15:04:38,083 basehttp 77380 73892 "GET /admin/jsi18n/ HTTP/1.1" 200 3342
INFO 2025-09-23 23:44:12,680 autoreload 77380 46664 C:\Users\HOUESSOU\Desktop\una\backand\api\services.py changed, reloading.
INFO 2025-09-23 23:44:14,640 autoreload 77896 15952 Watching for file changes with StatReloader
INFO 2025-09-23 23:44:17,761 autoreload 77896 15952 C:\Users\HOUESSOU\Desktop\una\backand\api\services.py changed, reloading.
INFO 2025-09-23 23:44:18,834 autoreload 44056 60512 Watching for file changes with StatReloader
INFO 2025-09-23 23:44:21,676 autoreload 44056 60512 C:\Users\HOUESSOU\Desktop\una\backand\api\services.py changed, reloading.
INFO 2025-09-23 23:44:22,536 autoreload 27328 84240 Watching for file changes with StatReloader
INFO 2025-09-23 23:44:26,298 autoreload 27328 84240 C:\Users\HOUESSOU\Desktop\una\backand\api\services.py changed, reloading.
INFO 2025-09-23 23:44:27,446 autoreload 75132 51236 Watching for file changes with StatReloader
INFO 2025-09-23 23:44:32,499 autoreload 75132 51236 C:\Users\HOUESSOU\Desktop\una\backand\api\services.py changed, reloading.
INFO 2025-09-23 23:44:33,716 autoreload 76100 66328 Watching for file changes with StatReloader
INFO 2025-09-23 23:44:36,579 autoreload 76100 66328 C:\Users\HOUESSOU\Desktop\una\backand\api\services.py changed, reloading.
INFO 2025-09-23 23:44:37,479 autoreload 39048 20768 Watching for file changes with StatReloader
INFO 2025-09-23 23:44:41,230 autoreload 39048 20768 C:\Users\HOUESSOU\Desktop\una\backand\api\services.py changed, reloading.
INFO 2025-09-23 23:44:41,971 autoreload 4356 81580 Watching for file changes with StatReloader
INFO 2025-09-23 23:44:45,773 autoreload 4356 81580 C:\Users\HOUESSOU\Desktop\una\backand\api\services.py changed, reloading.
INFO 2025-09-23 23:44:46,679 autoreload 21624 68784 Watching for file changes with StatReloader
INFO 2025-09-23 23:44:50,472 autoreload 21624 68784 C:\Users\HOUESSOU\Desktop\una\backand\api\services.py changed, reloading.
INFO 2025-09-23 23:44:51,864 autoreload 40796 71756 Watching for file changes with StatReloader
INFO 2025-09-23 23:44:55,704 autoreload 40796 71756 C:\Users\HOUESSOU\Desktop\una\backand\api\services.py changed, reloading.
INFO 2025-09-23 23:44:56,800 autoreload 54564 45100 Watching for file changes with StatReloader
INFO 2025-09-23 23:45:01,855 autoreload 54564 45100 C:\Users\HOUESSOU\Desktop\una\backand\api\services.py changed, reloading.
INFO 2025-09-23 23:45:02,928 autoreload 86340 17404 Watching for file changes with StatReloader
INFO 2025-09-23 23:45:07,964 autoreload 86340 17404 C:\Users\HOUESSOU\Desktop\una\backand\api\services.py changed, reloading.
INFO 2025-09-23 23:45:09,041 autoreload 30412 32576 Watching for file changes with StatReloader
INFO 2025-09-23 23:45:11,005 autoreload 30412 32576 C:\Users\HOUESSOU\Desktop\una\backand\api\services.py changed, reloading.
INFO 2025-09-23 23:45:12,058 autoreload 49656 83228 Watching for file changes with StatReloader
INFO 2025-09-23 23:45:57,009 basehttp 49656 54344 "GET /api/contacts/?laboratoire_id=1 HTTP/1.1" 200 285
INFO 2025-09-23 23:45:58,021 basehttp 49656 54344 "GET /api/contacts/1/horaires/ HTTP/1.1" 200 2
INFO 2025-09-23 23:46:21,773 views 49656 54344 Notification envoyée au laboratoire pour le message 23
INFO 2025-09-23 23:46:26,078 views 49656 54344 Confirmation envoyée à l'expéditeur pour le message 23
INFO 2025-09-23 23:46:26,081 basehttp 49656 54344 "POST /api/messages/ HTTP/1.1" 201 270
INFO 2025-09-23 23:58:43,866 basehttp 49656 96932 "GET /api/contacts/?laboratoire_id=1 HTTP/1.1" 200 285
INFO 2025-09-23 23:58:44,320 basehttp 49656 96932 "GET /api/contacts/1/horaires/ HTTP/1.1" 200 2
INFO 2025-09-23 23:58:44,746 basehttp 49656 96932 "GET /api/chercheurs/?laboratoire_id=1 HTTP/1.1" 200 430
INFO 2025-09-23 23:59:40,672 basehttp 49656 96932 "GET /api/publications/ HTTP/1.1" 200 1618
INFO 2025-09-23 23:59:54,907 basehttp 49656 96932 "OPTIONS /api/parcours/ HTTP/1.1" 200 0
INFO 2025-09-23 23:59:54,986 basehttp 49656 96932 "GET /api/parcours/ HTTP/1.1" 200 611
INFO 2025-09-23 23:59:55,202 basehttp 49656 96932 "OPTIONS /api/parcours/3/ HTTP/1.1" 200 0
INFO 2025-09-23 23:59:55,208 basehttp 49656 71704 "OPTIONS /api/parcours/2/ HTTP/1.1" 200 0
INFO 2025-09-23 23:59:55,208 basehttp 49656 96932 "OPTIONS /api/parcours/1/ HTTP/1.1" 200 0
INFO 2025-09-23 23:59:55,315 basehttp 49656 84256 "GET /api/parcours/2/ HTTP/1.1" 200 453
INFO 2025-09-23 23:59:55,315 basehttp 49656 71704 "GET /api/parcours/1/ HTTP/1.1" 200 565
INFO 2025-09-23 23:59:55,320 basehttp 49656 96932 "GET /api/parcours/3/ HTTP/1.1" 200 647
INFO 2025-09-24 00:00:10,242 basehttp 49656 96932 "GET /api/contacts/?laboratoire_id=1 HTTP/1.1" 200 285
INFO 2025-09-24 00:00:10,393 basehttp 49656 96932 "GET /api/contacts/1/horaires/ HTTP/1.1" 200 2
INFO 2025-09-25 12:45:50,806 autoreload 65412 48368 Watching for file changes with StatReloader
INFO 2025-09-25 12:46:31,763 basehttp 65412 20264 "OPTIONS /api/chercheurs/?laboratoire_id=1 HTTP/1.1" 200 0
INFO 2025-09-25 12:46:31,982 basehttp 65412 20264 "GET /api/chercheurs/?laboratoire_id=1 HTTP/1.1" 200 430
INFO 2025-09-25 12:46:32,213 basehttp 65412 77984 "GET /media/static/photoTeam/Capture_d%C3%A9cran_2025-08-22_151532.png HTTP/1.1" 304 0
INFO 2025-09-25 13:15:50,893 basehttp 65412 57788 "OPTIONS /api/publications/ HTTP/1.1" 200 0
INFO 2025-09-25 13:15:51,108 basehttp 65412 57788 "GET /api/publications/ HTTP/1.1" 200 1618
INFO 2025-09-25 13:24:38,221 basehttp 65412 79376 "GET /media/static/documentsPublication/Capture_d%C3%A9cran_2025-08-26_211747.png HTTP/1.1" 200 49238
INFO 2025-09-25 13:25:01,818 basehttp 65412 36592 "OPTIONS /api/publications/2/ HTTP/1.1" 200 0
INFO 2025-09-25 13:25:02,231 basehttp 65412 36592 "GET /api/publications/2/ HTTP/1.1" 200 351
INFO 2025-09-25 13:26:58,935 basehttp 65412 72356 "GET /api/publications/ HTTP/1.1" 200 1618
INFO 2025-09-25 13:27:59,184 basehttp 65412 72356 "GET /api/chercheurs/?laboratoire_id=1 HTTP/1.1" 200 430
INFO 2025-09-25 13:28:10,097 basehttp 65412 72356 "OPTIONS /api/parcours/ HTTP/1.1" 200 0
INFO 2025-09-25 13:28:10,457 basehttp 65412 72356 "GET /api/parcours/ HTTP/1.1" 200 611
INFO 2025-09-25 13:28:11,030 basehttp 65412 72356 "OPTIONS /api/parcours/3/ HTTP/1.1" 200 0
INFO 2025-09-25 13:28:11,117 basehttp 65412 88948 "OPTIONS /api/parcours/1/ HTTP/1.1" 200 0
INFO 2025-09-25 13:28:11,118 basehttp 65412 31828 "OPTIONS /api/parcours/2/ HTTP/1.1" 200 0
INFO 2025-09-25 13:28:11,472 basehttp 65412 72356 "GET /api/parcours/3/ HTTP/1.1" 200 647
INFO 2025-09-25 13:28:11,491 basehttp 65412 31828 "GET /api/parcours/2/ HTTP/1.1" 200 453
INFO 2025-09-25 13:28:11,533 basehttp 65412 88948 "GET /api/parcours/1/ HTTP/1.1" 200 565
INFO 2025-09-25 13:28:57,986 basehttp 65412 31828 "GET /api/parcours/2/ HTTP/1.1" 200 453
INFO 2025-09-25 13:28:57,997 basehttp 65412 72356 "GET /api/parcours/3/ HTTP/1.1" 200 647
INFO 2025-09-25 13:28:58,017 basehttp 65412 88948 "GET /api/parcours/1/ HTTP/1.1" 200 565
INFO 2025-09-25 13:30:29,972 basehttp 65412 31828 "GET /api/parcours/2/ HTTP/1.1" 200 453
INFO 2025-09-25 13:30:29,992 basehttp 65412 88948 "GET /api/parcours/1/ HTTP/1.1" 200 565
INFO 2025-09-25 13:30:29,997 basehttp 65412 72356 "GET /api/parcours/3/ HTTP/1.1" 200 647
INFO 2025-09-25 13:30:43,779 basehttp 65412 88948 "OPTIONS /api/contacts/?laboratoire_id=1 HTTP/1.1" 200 0
INFO 2025-09-25 13:30:43,848 basehttp 65412 72356 "GET /api/contacts/?laboratoire_id=1 HTTP/1.1" 200 285
INFO 2025-09-25 13:30:44,328 basehttp 65412 88948 "OPTIONS /api/contacts/1/horaires/ HTTP/1.1" 200 0
INFO 2025-09-25 13:30:44,427 basehttp 65412 88948 "GET /api/contacts/1/horaires/ HTTP/1.1" 200 2
INFO 2025-09-25 13:33:17,957 basehttp 65412 47908 "OPTIONS /api/messages/ HTTP/1.1" 200 0
INFO 2025-09-25 13:33:21,388 views 65412 47908 Notification envoyée au laboratoire pour le message 24
INFO 2025-09-25 13:33:23,681 views 65412 47908 Confirmation envoyée à l'expéditeur pour le message 24
INFO 2025-09-25 13:33:23,685 basehttp 65412 47908 "POST /api/messages/ HTTP/1.1" 201 249
WARNING 2025-09-25 13:34:30,599 log 65412 36284 Not Found: /
WARNING 2025-09-25 13:34:30,611 basehttp 65412 36284 "GET / HTTP/1.1" 404 2474
INFO 2025-09-25 13:34:37,078 basehttp 65412 36284 "GET /admin/ HTTP/1.1" 200 34138
INFO 2025-09-25 13:34:37,786 basehttp 65412 50788 "GET /static/admin/css/dashboard.css HTTP/1.1" 200 441
INFO 2025-09-25 13:34:37,797 basehttp 65412 76720 "GET /static/admin/css/nav_sidebar.css HTTP/1.1" 200 2810
INFO 2025-09-25 13:34:37,798 basehttp 65412 89372 "GET /static/admin/css/dark_mode.css HTTP/1.1" 200 2808
INFO 2025-09-25 13:34:37,814 basehttp 65412 11272 "GET /static/admin/css/responsive.css HTTP/1.1" 200 16565
INFO 2025-09-25 13:34:37,816 basehttp 65412 36284 "GET /static/admin/css/base.css HTTP/1.1" 200 22120
INFO 2025-09-25 13:34:38,000 basehttp 65412 11272 "GET /static/admin/js/theme.js HTTP/1.1" 304 0
INFO 2025-09-25 13:34:38,109 basehttp 65412 11272 "GET /static/admin/js/nav_sidebar.js HTTP/1.1" 304 0
INFO 2025-09-25 13:34:38,190 basehttp 65412 11272 "GET /static/admin/img/icon-addlink.svg HTTP/1.1" 200 331
INFO 2025-09-25 13:34:38,360 basehttp 65412 11272 "GET /static/admin/img/icon-changelink.svg HTTP/1.1" 200 380
INFO 2025-09-25 13:34:51,959 basehttp 65412 36284 "GET /admin/api/messagecontact/ HTTP/1.1" 200 45460
INFO 2025-09-25 13:34:52,665 basehttp 65412 11272 "GET /admin/jsi18n/ HTTP/1.1" 200 3342
INFO 2025-09-25 13:34:52,682 basehttp 65412 11272 "GET /static/admin/css/changelists.css HTTP/1.1" 304 0
INFO 2025-09-25 13:34:52,722 basehttp 65412 76720 "GET /static/admin/js/jquery.init.js HTTP/1.1" 304 0
INFO 2025-09-25 13:34:52,738 basehttp 65412 11272 "GET /static/admin/js/vendor/jquery/jquery.js HTTP/1.1" 304 0
INFO 2025-09-25 13:34:52,750 basehttp 65412 50788 "GET /static/admin/js/admin/RelatedObjectLookups.js HTTP/1.1" 304 0
INFO 2025-09-25 13:34:52,759 basehttp 65412 36284 "GET /static/admin/js/actions.js HTTP/1.1" 304 0
INFO 2025-09-25 13:34:52,760 basehttp 65412 89372 "GET /static/admin/js/core.js HTTP/1.1" 304 0
INFO 2025-09-25 13:34:52,774 basehttp 65412 76720 "GET /static/admin/js/urlify.js HTTP/1.1" 304 0
INFO 2025-09-25 13:34:52,778 basehttp 65412 84892 "GET /static/admin/js/vendor/xregexp/xregexp.js HTTP/1.1" 304 0
INFO 2025-09-25 13:34:52,781 basehttp 65412 11272 "GET /static/admin/js/prepopulate.js HTTP/1.1" 304 0
INFO 2025-09-25 13:34:52,787 basehttp 65412 50788 "GET /static/admin/js/filters.js HTTP/1.1" 304 0
INFO 2025-09-25 13:34:52,817 basehttp 65412 76720 "GET /static/admin/img/search.svg HTTP/1.1" 200 458
INFO 2025-09-25 13:34:52,820 basehttp 65412 89372 "GET /static/admin/img/icon-no.svg HTTP/1.1" 200 560
INFO 2025-09-25 13:34:52,824 basehttp 65412 84892 "GET /static/admin/img/icon-yes.svg HTTP/1.1" 200 436
INFO 2025-09-25 13:34:53,525 basehttp 65412 76720 "GET /static/admin/img/sorting-icons.svg HTTP/1.1" 200 1097
INFO 2025-09-25 13:34:53,535 basehttp 65412 89372 "GET /static/admin/img/icon-viewlink.svg HTTP/1.1" 200 581
INFO 2025-09-25 13:34:53,541 basehttp 65412 11272 "GET /static/admin/img/tooltag-add.svg HTTP/1.1" 200 331
WARNING 2025-09-25 13:34:54,466 log 65412 11272 Not Found: /favicon.ico
INFO 2025-09-25 13:34:54,485 basehttp 65412 11272 - Broken pipe from ('127.0.0.1', 54401)
INFO 2025-09-25 13:34:58,186 basehttp 65412 36284 "GET /admin/api/messagecontact/24/change/ HTTP/1.1" 200 35673
INFO 2025-09-25 13:34:59,170 basehttp 65412 76720 "GET /admin/jsi18n/ HTTP/1.1" 200 3342
INFO 2025-09-25 13:34:59,188 basehttp 65412 76720 "GET /static/admin/css/forms.css HTTP/1.1" 304 0
INFO 2025-09-25 13:34:59,210 basehttp 65412 76720 "GET /static/admin/js/calendar.js HTTP/1.1" 304 0
INFO 2025-09-25 13:34:59,247 basehttp 65412 89372 "GET /static/admin/js/admin/DateTimeShortcuts.js HTTP/1.1" 304 0
INFO 2025-09-25 13:34:59,332 basehttp 65412 76720 "GET /static/admin/js/change_form.js HTTP/1.1" 200 606
INFO 2025-09-25 13:34:59,399 basehttp 65412 76720 "GET /static/admin/js/prepopulate_init.js HTTP/1.1" 304 0
INFO 2025-09-25 13:34:59,704 basehttp 65412 76720 "GET /static/admin/css/widgets.css HTTP/1.1" 200 11991
WARNING 2025-09-25 13:35:00,366 log 65412 76720 Not Found: /favicon.ico
INFO 2025-09-25 13:35:00,384 basehttp 65412 76720 - Broken pipe from ('127.0.0.1', 54399)
INFO 2025-09-25 13:35:02,074 basehttp 65412 50788 "GET /static/admin/img/icon-clock.svg HTTP/1.1" 200 677
INFO 2025-09-25 13:35:02,075 basehttp 65412 89372 "GET /static/admin/img/icon-calendar.svg HTTP/1.1" 200 1086
INFO 2025-09-25 13:35:17,585 basehttp 65412 89372 "GET /static/admin/img/calendar-icons.svg HTTP/1.1" 200 2455
INFO 2025-09-25 13:35:30,897 basehttp 65412 36284 "POST /admin/api/messagecontact/24/change/ HTTP/1.1" 302 0
INFO 2025-09-25 13:35:31,100 basehttp 65412 36284 "GET /admin/api/messagecontact/ HTTP/1.1" 200 45684
INFO 2025-09-25 13:35:31,453 basehttp 65412 89372 "GET /admin/jsi18n/ HTTP/1.1" 200 3342
INFO 2025-09-25 13:36:20,930 basehttp 65412 32032 "GET /api/contacts/?laboratoire_id=1 HTTP/1.1" 200 285
INFO 2025-09-25 13:36:21,213 basehttp 65412 32032 "GET /api/contacts/1/horaires/ HTTP/1.1" 200 2
INFO 2025-09-25 13:36:26,441 basehttp 65412 32032 "GET /api/parcours/ HTTP/1.1" 200 611
INFO 2025-09-25 13:36:27,713 basehttp 65412 85524 "GET /api/parcours/1/ HTTP/1.1" 200 565
INFO 2025-09-25 13:36:27,723 basehttp 65412 32032 "GET /api/parcours/3/ HTTP/1.1" 200 647
INFO 2025-09-25 13:36:27,828 basehttp 65412 70124 "GET /api/parcours/2/ HTTP/1.1" 200 453
INFO 2025-09-25 13:37:46,131 basehttp 65412 61808 "GET /admin/api/messagecontact/24/change/ HTTP/1.1" 200 35745
INFO 2025-09-25 13:37:46,791 basehttp 65412 61808 "GET /admin/jsi18n/ HTTP/1.1" 200 3342
WARNING 2025-09-25 13:37:47,367 log 65412 61808 Not Found: /favicon.ico
INFO 2025-09-25 13:37:47,375 basehttp 65412 61808 - Broken pipe from ('127.0.0.1', 54495)
INFO 2025-09-25 13:37:53,647 basehttp 65412 93000 "GET /admin/api/messagecontact/ HTTP/1.1" 200 45452
INFO 2025-09-25 13:37:55,248 basehttp 65412 93000 - Broken pipe from ('127.0.0.1', 54496)
INFO 2025-09-25 13:37:58,831 basehttp 65412 32032 "GET /api/parcours/ HTTP/1.1" 200 611
INFO 2025-09-25 13:38:00,473 basehttp 65412 32032 "GET /api/parcours/2/ HTTP/1.1" 200 453
INFO 2025-09-25 13:38:00,520 basehttp 65412 85524 "GET /api/parcours/3/ HTTP/1.1" 200 647
INFO 2025-09-25 13:38:00,547 basehttp 65412 70124 "GET /api/parcours/1/ HTTP/1.1" 200 565
INFO 2025-09-25 17:09:38,050 autoreload 86556 93244 Watching for file changes with StatReloader
INFO 2025-09-25 17:10:13,477 basehttp 86556 25888 "GET /api/publications/ HTTP/1.1" 200 1618
INFO 2025-09-25 17:10:17,464 basehttp 86556 25888 "GET /api/parcours/ HTTP/1.1" 200 611
INFO 2025-09-25 17:10:17,974 basehttp 86556 25888 "GET /api/parcours/3/ HTTP/1.1" 200 647
INFO 2025-09-25 17:10:17,975 basehttp 86556 53676 "GET /api/parcours/2/ HTTP/1.1" 200 453
INFO 2025-09-25 17:10:17,975 basehttp 86556 40968 "GET /api/parcours/1/ HTTP/1.1" 200 565
WARNING 2025-09-25 17:10:23,636 log 86556 9124 Not Found: /
WARNING 2025-09-25 17:10:23,637 basehttp 86556 9124 "GET / HTTP/1.1" 404 2474
INFO 2025-09-25 17:10:32,838 basehttp 86556 9124 "GET /admin/ HTTP/1.1" 200 34135
INFO 2025-09-25 17:10:43,332 basehttp 86556 9124 "GET /admin/api/chercheurlaboratoire/ HTTP/1.1" 200 28035
INFO 2025-09-25 17:10:43,447 basehttp 86556 53036 "GET /admin/jsi18n/ HTTP/1.1" 200 3342
INFO 2025-09-25 17:10:43,546 basehttp 86556 24532 - Broken pipe from ('127.0.0.1', 51863)
INFO 2025-09-25 17:10:43,546 basehttp 86556 9124 - Broken pipe from ('127.0.0.1', 51856)
INFO 2025-09-25 17:10:53,340 basehttp 86556 53036 "GET /admin/api/recherchelaboratoire/ HTTP/1.1" 200 24837
INFO 2025-09-25 17:10:53,450 basehttp 86556 53036 "GET /admin/jsi18n/ HTTP/1.1" 200 3342
INFO 2025-09-25 17:10:58,320 basehttp 86556 53036 "GET /admin/api/recherchelaboratoire/add/ HTTP/1.1" 200 28804
INFO 2025-09-25 17:10:58,439 basehttp 86556 53036 "GET /admin/jsi18n/ HTTP/1.1" 200 3342
INFO 2025-09-25 17:10:58,445 basehttp 86556 53036 "GET /static/admin/css/forms.css HTTP/1.1" 200 8525
INFO 2025-09-25 17:11:05,698 basehttp 86556 97116 "POST /admin/api/recherchelaboratoire/add/ HTTP/1.1" 302 0
INFO 2025-09-25 17:11:05,726 basehttp 86556 97116 "GET /admin/api/recherchelaboratoire/ HTTP/1.1" 200 26781
INFO 2025-09-25 17:11:05,824 basehttp 86556 97116 "GET /admin/jsi18n/ HTTP/1.1" 200 3342
INFO 2025-09-25 17:11:14,406 basehttp 86556 40968 "GET /api/publications/ HTTP/1.1" 200 1618
INFO 2025-09-25 17:11:38,227 basehttp 86556 97116 "GET /admin/api/recherchelaboratoire/add/ HTTP/1.1" 200 28804
INFO 2025-09-25 17:11:38,324 basehttp 86556 97116 "GET /admin/jsi18n/ HTTP/1.1" 200 3342
INFO 2025-09-25 17:11:47,149 basehttp 86556 97116 "GET /admin/api/recherchepublication/ HTTP/1.1" 200 29384
INFO 2025-09-25 17:11:47,242 basehttp 86556 97116 "GET /admin/jsi18n/ HTTP/1.1" 200 3342
INFO 2025-09-25 17:11:50,235 basehttp 86556 97116 "GET /admin/api/recherchepublication/4/change/ HTTP/1.1" 200 33898
INFO 2025-09-25 17:11:50,333 basehttp 86556 58108 "GET /admin/jsi18n/ HTTP/1.1" 200 3342
INFO 2025-09-25 17:11:59,074 basehttp 86556 97116 "GET /admin/api/recherchepublication/ HTTP/1.1" 200 29384
INFO 2025-09-25 17:13:06,507 basehttp 86556 97116 "GET /admin/api/recherchelaboratoire/ HTTP/1.1" 200 26499
INFO 2025-09-25 17:13:06,625 basehttp 86556 58108 "GET /admin/jsi18n/ HTTP/1.1" 200 3342
INFO 2025-09-25 17:13:57,246 basehttp 86556 97116 "GET /admin/api/chercheurlaboratoire/ HTTP/1.1" 200 28035
INFO 2025-09-25 17:13:57,358 basehttp 86556 58108 "GET /admin/jsi18n/ HTTP/1.1" 200 3342
INFO 2025-09-25 17:15:58,122 basehttp 86556 79900 "GET /admin/api/recherchelaboratoire/ HTTP/1.1" 200 26499
INFO 2025-09-25 17:15:58,281 basehttp 86556 79900 "GET /admin/jsi18n/ HTTP/1.1" 200 3342
INFO 2025-09-25 17:17:51,931 basehttp 86556 79900 "GET /admin/api/chercheurlaboratoire/ HTTP/1.1" 200 28035
INFO 2025-09-25 17:17:52,087 basehttp 86556 79900 "GET /admin/jsi18n/ HTTP/1.1" 200 3342
INFO 2025-09-25 17:18:50,746 basehttp 86556 79900 "GET /admin/api/recherchelaboratoire/ HTTP/1.1" 200 26499
INFO 2025-09-25 17:18:50,855 basehttp 86556 79900 "GET /admin/jsi18n/ HTTP/1.1" 200 3342
INFO 2025-09-25 17:19:00,879 basehttp 86556 79900 "GET /admin/api/recherchepublication/ HTTP/1.1" 200 29384
INFO 2025-09-25 17:19:00,999 basehttp 86556 79900 "GET /admin/jsi18n/ HTTP/1.1" 200 3342
INFO 2025-09-25 17:22:55,706 autoreload 86556 93244 C:\Users\HOUESSOU\Desktop\una\backand\api\views.py changed, reloading.
INFO 2025-09-25 17:22:56,740 autoreload 72316 85868 Watching for file changes with StatReloader
INFO 2025-09-25 17:23:04,796 basehttp 72316 21088 "OPTIONS /api/publications/?laboratoire_id=1 HTTP/1.1" 200 0
INFO 2025-09-25 17:23:04,834 basehttp 72316 21088 "GET /api/publications/?laboratoire_id=1 HTTP/1.1" 200 1618
INFO 2025-09-25 17:23:17,124 autoreload 72316 85868 C:\Users\HOUESSOU\Desktop\una\backand\api\views.py changed, reloading.
INFO 2025-09-25 17:23:18,043 autoreload 58320 19336 Watching for file changes with StatReloader
INFO 2025-09-25 17:23:18,403 basehttp 58320 54508 "GET /api/publications/?laboratoire_id=1 HTTP/1.1" 200 1618
INFO 2025-09-25 17:23:38,086 autoreload 58320 19336 C:\Users\HOUESSOU\Desktop\una\backand\api\views.py changed, reloading.
INFO 2025-09-25 17:23:38,674 autoreload 50476 24124 Watching for file changes with StatReloader
INFO 2025-09-25 17:23:38,976 basehttp 50476 39964 "GET /api/publications/?laboratoire_id=1 HTTP/1.1" 200 1618
INFO 2025-09-25 17:24:16,068 basehttp 50476 39964 "GET /api/publications/?laboratoire_id=1 HTTP/1.1" 200 1618
INFO 2025-09-25 17:24:35,925 basehttp 50476 94140 "GET /admin/api/recherchelaboratoire/ HTTP/1.1" 200 26499
INFO 2025-09-25 17:24:36,064 basehttp 50476 94140 "GET /admin/jsi18n/ HTTP/1.1" 200 3342
INFO 2025-09-25 17:25:02,817 autoreload 50476 24124 C:\Users\HOUESSOU\Desktop\una\backand\api\views.py changed, reloading.
INFO 2025-09-25 17:25:04,981 autoreload 89544 44936 Watching for file changes with StatReloader
INFO 2025-09-25 17:25:05,296 basehttp 89544 39824 "GET /api/publications/ HTTP/1.1" 200 1618
INFO 2025-09-25 17:28:07,050 basehttp 89544 30104 "GET /api/parcours/ HTTP/1.1" 200 611
INFO 2025-09-25 17:28:07,124 basehttp 89544 24220 "GET /api/parcours/2/ HTTP/1.1" 200 453
INFO 2025-09-25 17:28:07,147 basehttp 89544 30104 "GET /api/parcours/3/ HTTP/1.1" 200 647
INFO 2025-09-25 17:28:07,149 basehttp 89544 3576 "GET /api/parcours/1/ HTTP/1.1" 200 565
INFO 2025-09-25 17:28:23,310 basehttp 89544 3576 "GET /api/parcours/ HTTP/1.1" 200 611
INFO 2025-09-25 17:28:23,520 basehttp 89544 30104 "GET /api/parcours/2/ HTTP/1.1" 200 453
INFO 2025-09-25 17:28:23,521 basehttp 89544 24220 "GET /api/parcours/1/ HTTP/1.1" 200 565
INFO 2025-09-25 17:28:23,522 basehttp 89544 3576 "GET /api/parcours/3/ HTTP/1.1" 200 647
INFO 2025-09-25 17:28:26,325 basehttp 89544 30104 "GET /api/contacts/?laboratoire_id=1 HTTP/1.1" 200 285
INFO 2025-09-25 17:28:26,378 basehttp 89544 3576 "GET /api/contacts/1/horaires/ HTTP/1.1" 200 2
INFO 2025-09-25 17:28:27,497 basehttp 89544 30104 "GET /api/parcours/ HTTP/1.1" 200 611
INFO 2025-09-25 17:28:27,559 basehttp 89544 30104 "GET /api/parcours/2/ HTTP/1.1" 200 453
INFO 2025-09-25 17:28:27,560 basehttp 89544 3576 "GET /api/parcours/3/ HTTP/1.1" 200 647
INFO 2025-09-25 17:28:27,562 basehttp 89544 24220 "GET /api/parcours/1/ HTTP/1.1" 200 565
INFO 2025-09-25 17:38:52,481 autoreload 56236 58196 Watching for file changes with StatReloader
INFO 2025-09-25 17:38:58,957 basehttp 56236 66376 "GET /api/publications/?laboratoire_id=1 HTTP/1.1" 200 1618
INFO 2025-09-25 17:39:33,465 basehttp 56236 84492 "GET /admin/api/recherchelaboratoire/add/ HTTP/1.1" 200 28804
INFO 2025-09-25 17:39:33,659 basehttp 56236 84492 "GET /admin/jsi18n/ HTTP/1.1" 200 3342
WARNING 2025-09-25 17:39:33,803 log 56236 84492 Not Found: /favicon.ico
INFO 2025-09-25 17:39:33,809 basehttp 56236 84492 - Broken pipe from ('127.0.0.1', 53361)
INFO 2025-09-25 17:40:18,202 basehttp 56236 71200 "GET /admin/api/laboratoire/ HTTP/1.1" 200 27867
INFO 2025-09-25 17:40:18,323 basehttp 56236 71200 "GET /admin/jsi18n/ HTTP/1.1" 200 3342
INFO 2025-09-25 17:40:18,442 basehttp 56236 59648 - Broken pipe from ('127.0.0.1', 53423)
INFO 2025-09-25 17:40:22,279 basehttp 56236 71200 "GET /admin/api/laboratoire/3/change/ HTTP/1.1" 200 34240
INFO 2025-09-25 17:40:22,402 basehttp 56236 21032 "GET /admin/jsi18n/ HTTP/1.1" 200 3342
INFO 2025-09-25 17:40:22,417 basehttp 56236 21032 "GET /static/admin/js/inlines.js HTTP/1.1" 304 0
INFO 2025-09-25 17:40:24,606 basehttp 56236 71200 "GET /admin/api/laboratoire/3/delete/ HTTP/1.1" 200 24924
INFO 2025-09-25 17:40:24,717 basehttp 56236 21032 "GET /static/admin/js/cancel.js HTTP/1.1" 200 884
INFO 2025-09-25 17:40:26,579 basehttp 56236 71200 "POST /admin/api/laboratoire/3/delete/ HTTP/1.1" 302 0
INFO 2025-09-25 17:40:26,643 basehttp 56236 71200 "GET /admin/api/laboratoire/ HTTP/1.1" 200 27594
INFO 2025-09-25 17:40:26,768 basehttp 56236 21032 "GET /admin/jsi18n/ HTTP/1.1" 200 3342
INFO 2025-09-25 17:40:45,190 basehttp 56236 71200 "GET /admin/api/recherchepublication/ HTTP/1.1" 200 29384
INFO 2025-09-25 17:40:45,295 basehttp 56236 21032 "GET /admin/jsi18n/ HTTP/1.1" 200 3342
INFO 2025-09-25 17:40:47,226 basehttp 56236 71200 "GET /admin/api/recherchepublication/4/change/ HTTP/1.1" 200 33898
INFO 2025-09-25 17:40:47,384 basehttp 56236 21032 "GET /admin/jsi18n/ HTTP/1.1" 200 3342
INFO 2025-09-25 17:41:04,836 basehttp 56236 71200 "POST /admin/api/recherchepublication/4/change/ HTTP/1.1" 302 0
INFO 2025-09-25 17:41:04,861 basehttp 56236 71200 "GET /admin/api/recherchepublication/ HTTP/1.1" 200 29609
INFO 2025-09-25 17:41:04,982 basehttp 56236 21032 "GET /admin/jsi18n/ HTTP/1.1" 200 3342
INFO 2025-09-25 17:41:20,127 basehttp 56236 71200 "GET /admin/api/recherche/ HTTP/1.1" 200 32155
INFO 2025-09-25 17:41:20,232 basehttp 56236 21032 "GET /admin/jsi18n/ HTTP/1.1" 200 3342
INFO 2025-09-25 17:41:30,060 basehttp 56236 71200 "GET /admin/api/recherche/1/change/ HTTP/1.1" 200 70931
INFO 2025-09-25 17:41:30,188 basehttp 56236 21032 "GET /admin/jsi18n/ HTTP/1.1" 200 3342
INFO 2025-09-25 17:41:30,478 basehttp 56236 21032 "GET /static/admin/img/inline-delete.svg HTTP/1.1" 200 537
INFO 2025-09-25 17:41:51,420 basehttp 56236 71200 "GET /admin/api/recherchelaboratoire/ HTTP/1.1" 200 26499
INFO 2025-09-25 17:41:51,526 basehttp 56236 21032 "GET /admin/jsi18n/ HTTP/1.1" 200 3342
INFO 2025-09-25 17:42:19,143 basehttp 56236 71200 "GET /admin/api/recherchelaboratoire/1/change/ HTTP/1.1" 200 29176
INFO 2025-09-25 17:42:19,274 basehttp 56236 21032 "GET /admin/jsi18n/ HTTP/1.1" 200 3342
INFO 2025-09-25 17:42:21,163 basehttp 56236 71200 "GET /admin/api/recherchelaboratoire/1/delete/ HTTP/1.1" 200 24947
INFO 2025-09-25 17:42:22,812 basehttp 56236 71200 "POST /admin/api/recherchelaboratoire/1/delete/ HTTP/1.1" 302 0
INFO 2025-09-25 17:42:22,844 basehttp 56236 71200 "GET /admin/api/recherchelaboratoire/ HTTP/1.1" 200 25065
INFO 2025-09-25 17:42:22,976 basehttp 56236 21032 "GET /admin/jsi18n/ HTTP/1.1" 200 3342
INFO 2025-09-25 17:42:24,936 basehttp 56236 71200 "GET /admin/api/recherchelaboratoire/1/delete/ HTTP/1.1" 302 0
INFO 2025-09-25 17:42:24,993 basehttp 56236 71200 "GET /admin/ HTTP/1.1" 200 34278
INFO 2025-09-25 17:42:25,095 basehttp 56236 71200 "GET /static/admin/img/icon-deletelink.svg HTTP/1.1" 200 392
INFO 2025-09-25 17:42:25,095 basehttp 56236 21032 "GET /static/admin/img/icon-alert.svg HTTP/1.1" 200 504
INFO 2025-09-25 17:43:07,202 autoreload 56236 58196 C:\Users\HOUESSOU\Desktop\una\backand\api\serializers\publication_serializers.py changed, reloading.
INFO 2025-09-25 17:43:09,448 autoreload 55780 87256 Watching for file changes with StatReloader
INFO 2025-09-25 17:43:10,148 basehttp 55780 49224 "OPTIONS /api/publications/ HTTP/1.1" 200 0
INFO 2025-09-25 17:43:10,195 basehttp 55780 49224 "GET /api/publications/ HTTP/1.1" 200 1618
INFO 2025-09-25 17:43:35,111 basehttp 55780 10064 "GET /admin/api/recherchepublication/ HTTP/1.1" 200 29384
INFO 2025-09-25 17:43:35,273 basehttp 55780 10064 "GET /admin/jsi18n/ HTTP/1.1" 200 3342
INFO 2025-09-25 17:43:51,729 basehttp 55780 10064 "GET /admin/api/recherchelaboratoire/ HTTP/1.1" 200 24837
INFO 2025-09-25 17:43:51,855 basehttp 55780 10064 "GET /admin/jsi18n/ HTTP/1.1" 200 3342
INFO 2025-09-25 17:45:15,476 basehttp 55780 10064 "GET /admin/api/recherchelaboratoire/add/ HTTP/1.1" 200 28804
INFO 2025-09-25 17:45:15,589 basehttp 55780 10064 "GET /admin/jsi18n/ HTTP/1.1" 200 3342
INFO 2025-09-25 17:58:58,159 basehttp 55780 63344 "GET /api/publications/ HTTP/1.1" 200 1618
INFO 2025-09-25 17:59:00,078 basehttp 55780 63344 "GET /api/publications/ HTTP/1.1" 200 1618
INFO 2025-09-25 17:59:27,347 basehttp 55780 63344 "GET /api/publications/ HTTP/1.1" 200 1618
INFO 2025-09-25 18:00:21,064 basehttp 55780 63344 "GET /api/publications/?laboratoire_id=1 HTTP/1.1" 200 1618
INFO 2025-09-25 18:01:00,545 basehttp 55780 63344 "GET /api/publications/?laboratoire_id=1 HTTP/1.1" 200 1618
INFO 2025-09-25 18:03:02,480 basehttp 55780 50796 "GET /api/publications/?laboratoire_id=1 HTTP/1.1" 200 1618
INFO 2025-09-25 18:03:27,408 basehttp 55780 40888 "GET /api/publications/?laboratoire_id=1 HTTP/1.1" 200 1618
INFO 2025-09-25 18:03:29,410 basehttp 55780 40888 "GET /api/publications/?laboratoire_id=1 HTTP/1.1" 200 1618
INFO 2025-09-25 18:04:01,796 basehttp 55780 40888 "GET /api/publications/?laboratoire_id=1 HTTP/1.1" 200 1618
INFO 2025-09-25 18:05:33,657 basehttp 55780 77744 "GET /api/publications/ HTTP/1.1" 200 1618
INFO 2025-09-25 18:05:33,731 basehttp 55780 77744 - Broken pipe from ('127.0.0.1', 64723)
INFO 2025-09-25 18:05:46,696 basehttp 55780 56604 "GET /api/publications/?laboratoire_id=1 HTTP/1.1" 200 1618
INFO 2025-09-25 18:05:46,742 basehttp 55780 56604 - Broken pipe from ('127.0.0.1', 64740)
INFO 2025-09-25 18:05:54,061 basehttp 55780 14660 "GET /api/publications/?laboratoire_id=1 HTTP/1.1" 200 1618
INFO 2025-09-25 18:05:54,094 basehttp 55780 14660 - Broken pipe from ('127.0.0.1', 64743)
INFO 2025-09-25 18:06:28,942 basehttp 55780 13088 "GET /api/publications/?laboratoire_id=1 HTTP/1.1" 200 1618
INFO 2025-09-25 18:06:52,806 basehttp 55780 13088 "GET /api/publications/?laboratoire_id=1 HTTP/1.1" 200 1618
INFO 2025-09-25 18:07:08,205 basehttp 55780 13088 "GET /api/publications/?laboratoire_id=1 HTTP/1.1" 200 1618
INFO 2025-09-25 18:07:26,966 basehttp 55780 13088 "GET /api/publications/?laboratoire_id=1 HTTP/1.1" 200 1618
INFO 2025-09-25 18:07:30,013 basehttp 55780 13088 "GET /api/publications/?laboratoire_id=1 HTTP/1.1" 200 1618
INFO 2025-09-25 18:08:18,587 basehttp 55780 13088 "GET /api/publications/?laboratoire_id=1 HTTP/1.1" 200 1618
INFO 2025-09-25 18:09:06,015 autoreload 55780 87256 C:\Users\HOUESSOU\Desktop\una\backand\api\views.py changed, reloading.
INFO 2025-09-25 18:09:08,274 autoreload 72288 76520 Watching for file changes with StatReloader
INFO 2025-09-25 18:09:08,800 basehttp 72288 40452 "GET /api/publications/ HTTP/1.1" 200 1618
INFO 2025-09-25 18:12:50,518 autoreload 72288 76520 C:\Users\HOUESSOU\Desktop\una\backand\api\serializers\publication_serializers.py changed, reloading.
INFO 2025-09-25 18:12:51,639 autoreload 91436 68124 Watching for file changes with StatReloader
INFO 2025-09-25 18:13:07,761 autoreload 91436 68124 C:\Users\HOUESSOU\Desktop\una\backand\api\serializers\publication_serializers.py changed, reloading.
INFO 2025-09-25 18:13:08,354 autoreload 89700 75264 Watching for file changes with StatReloader
INFO 2025-09-25 18:13:27,364 autoreload 89700 75264 C:\Users\HOUESSOU\Desktop\una\backand\api\serializers\publication_serializers.py changed, reloading.
INFO 2025-09-25 18:13:27,977 autoreload 73076 59244 Watching for file changes with StatReloader
INFO 2025-09-25 18:13:55,170 autoreload 73076 59244 C:\Users\HOUESSOU\Desktop\una\backand\api\serializers\publication_serializers.py changed, reloading.
INFO 2025-09-25 18:13:55,909 autoreload 33608 51376 Watching for file changes with StatReloader
INFO 2025-09-25 18:14:16,000 autoreload 33608 51376 C:\Users\HOUESSOU\Desktop\una\backand\api\serializers\publication_serializers.py changed, reloading.
INFO 2025-09-25 18:14:16,762 autoreload 55348 36976 Watching for file changes with StatReloader
INFO 2025-09-25 18:14:56,446 basehttp 55348 55676 "GET /api/publications/ HTTP/1.1" 200 1722
INFO 2025-09-25 18:15:34,860 basehttp 55348 55676 "GET /api/publications/ HTTP/1.1" 200 1722
INFO 2025-09-25 18:18:45,689 autoreload 55348 36976 C:\Users\HOUESSOU\Desktop\una\backand\api\views.py changed, reloading.
INFO 2025-09-25 18:18:46,698 autoreload 45360 73716 Watching for file changes with StatReloader
INFO 2025-09-25 18:20:27,001 basehttp 45360 72892 "GET /api/publications/ HTTP/1.1" 200 1722
INFO 2025-09-25 18:20:46,806 autoreload 45360 73716 C:\Users\HOUESSOU\Desktop\una\backand\api\views.py changed, reloading.
INFO 2025-09-25 18:20:49,813 autoreload 7524 3036 Watching for file changes with StatReloader
INFO 2025-09-25 18:20:50,495 basehttp 7524 17844 "GET /api/publications/ HTTP/1.1" 200 1618
INFO 2025-09-25 18:28:30,542 autoreload 7524 3036 C:\Users\HOUESSOU\Desktop\una\backand\api\views.py changed, reloading.
INFO 2025-09-25 18:28:31,770 autoreload 54740 54460 Watching for file changes with StatReloader
INFO 2025-09-25 18:29:44,047 autoreload 54740 54460 C:\Users\HOUESSOU\Desktop\una\backand\api\views.py changed, reloading.
INFO 2025-09-25 18:29:44,653 autoreload 72676 62300 Watching for file changes with StatReloader
INFO 2025-09-25 18:30:23,324 basehttp 72676 2576 "GET /api/publications/ HTTP/1.1" 200 1618
INFO 2025-09-25 18:30:44,965 autoreload 72676 62300 C:\Users\HOUESSOU\Desktop\una\backand\api\views.py changed, reloading.
INFO 2025-09-25 18:30:45,577 autoreload 53828 61628 Watching for file changes with StatReloader
INFO 2025-09-25 18:33:27,407 basehttp 53828 47508 "GET /api/parcours/ HTTP/1.1" 200 611
INFO 2025-09-25 18:33:27,539 basehttp 53828 64072 "GET /api/parcours/1/ HTTP/1.1" 200 565
INFO 2025-09-25 18:33:27,539 basehttp 53828 47508 "GET /api/parcours/3/ HTTP/1.1" 200 647
INFO 2025-09-25 18:33:27,545 basehttp 53828 17728 "GET /api/parcours/2/ HTTP/1.1" 200 453
INFO 2025-09-25 18:36:26,326 autoreload 53828 61628 C:\Users\HOUESSOU\Desktop\una\backand\api\views.py changed, reloading.
INFO 2025-09-25 18:36:27,879 autoreload 52676 74716 Watching for file changes with StatReloader
INFO 2025-09-25 18:37:00,043 basehttp 52676 93628 "GET /api/parcours/ HTTP/1.1" 200 611
INFO 2025-09-25 18:37:00,051 basehttp 52676 67984 "GET /api/parcours/2/ HTTP/1.1" 200 453
INFO 2025-09-25 18:37:00,051 basehttp 52676 52404 "GET /api/parcours/1/ HTTP/1.1" 200 565
INFO 2025-09-25 18:37:00,064 basehttp 52676 86100 "GET /api/parcours/3/ HTTP/1.1" 200 647
INFO 2025-09-25 18:37:00,102 basehttp 52676 52404 "GET /api/parcours/2/ HTTP/1.1" 200 453
INFO 2025-09-25 18:37:00,114 basehttp 52676 93628 "GET /api/parcours/1/ HTTP/1.1" 200 565
INFO 2025-09-25 18:37:00,116 basehttp 52676 86100 "GET /api/parcours/3/ HTTP/1.1" 200 647
INFO 2025-09-25 18:37:43,080 basehttp 52676 93628 "OPTIONS /api/parcours/?laboratoire_id=1 HTTP/1.1" 200 0
INFO 2025-09-25 18:37:43,080 basehttp 52676 86100 "GET /api/parcours/ HTTP/1.1" 200 611
INFO 2025-09-25 18:37:43,100 basehttp 52676 86100 "GET /api/parcours/?laboratoire_id=1 HTTP/1.1" 200 414
INFO 2025-09-25 18:37:43,193 basehttp 52676 86100 "GET /api/parcours/3/ HTTP/1.1" 200 647
INFO 2025-09-25 18:37:43,197 basehttp 52676 52404 "GET /api/parcours/2/ HTTP/1.1" 200 453
INFO 2025-09-25 18:37:43,200 basehttp 52676 93628 "GET /api/parcours/1/ HTTP/1.1" 200 565
INFO 2025-09-25 18:37:43,269 basehttp 52676 93628 "GET /api/parcours/2/ HTTP/1.1" 200 453
INFO 2025-09-25 18:37:43,269 basehttp 52676 52404 "GET /api/parcours/1/ HTTP/1.1" 200 565
INFO 2025-09-25 18:37:43,280 basehttp 52676 86100 "GET /api/parcours/3/ HTTP/1.1" 200 647
INFO 2025-09-25 18:38:30,991 autoreload 52676 74716 C:\Users\HOUESSOU\Desktop\una\backand\api\views.py changed, reloading.
INFO 2025-09-25 18:38:31,885 autoreload 83040 12812 Watching for file changes with StatReloader
INFO 2025-09-25 18:39:26,805 autoreload 83040 12812 C:\Users\HOUESSOU\Desktop\una\backand\api\views.py changed, reloading.
INFO 2025-09-25 18:39:27,410 autoreload 21128 15580 Watching for file changes with StatReloader
INFO 2025-09-25 18:40:14,822 autoreload 21128 15580 C:\Users\HOUESSOU\Desktop\una\backand\api\views.py changed, reloading.
INFO 2025-09-25 18:40:15,444 autoreload 47828 18336 Watching for file changes with StatReloader
INFO 2025-09-25 18:42:19,872 autoreload 47828 18336 C:\Users\HOUESSOU\Desktop\una\backand\api\views.py changed, reloading.
INFO 2025-09-25 18:42:22,003 autoreload 13384 43792 Watching for file changes with StatReloader
INFO 2025-09-25 18:42:23,516 basehttp 13384 21748 "OPTIONS /api/parcours/ HTTP/1.1" 200 0
INFO 2025-09-25 18:42:23,542 basehttp 13384 21748 "GET /api/parcours/ HTTP/1.1" 200 611
INFO 2025-09-25 18:42:23,864 basehttp 13384 31452 "GET /api/parcours/2/ HTTP/1.1" 200 453
INFO 2025-09-25 18:42:23,876 basehttp 13384 62844 "GET /api/parcours/1/ HTTP/1.1" 200 565
INFO 2025-09-25 18:42:23,893 basehttp 13384 21748 "GET /api/parcours/3/ HTTP/1.1" 200 647
INFO 2025-09-25 18:53:34,959 autoreload 13384 43792 C:\Users\HOUESSOU\Desktop\una\backand\api\views.py changed, reloading.
INFO 2025-09-25 18:53:37,443 autoreload 20556 96680 Watching for file changes with StatReloader
INFO 2025-09-25 18:54:03,862 basehttp 20556 94112 "GET /api/parcours/ HTTP/1.1" 200 414
INFO 2025-09-25 18:54:04,543 basehttp 20556 94112 "GET /api/parcours/3/ HTTP/1.1" 200 647
INFO 2025-09-25 18:54:04,545 basehttp 20556 43168 "GET /api/parcours/1/ HTTP/1.1" 200 565
INFO 2025-09-25 18:54:53,973 basehttp 20556 48320 "GET /api/parcours/ HTTP/1.1" 200 414
INFO 2025-09-25 18:54:53,973 basehttp 20556 94112 "GET /api/parcours/3/ HTTP/1.1" 200 647
INFO 2025-09-25 18:54:53,973 basehttp 20556 43168 "GET /api/parcours/1/ HTTP/1.1" 200 565
INFO 2025-09-25 18:54:54,100 basehttp 20556 43168 "GET /api/parcours/1/ HTTP/1.1" 200 565
INFO 2025-09-25 18:54:54,104 basehttp 20556 94112 "GET /api/parcours/3/ HTTP/1.1" 200 647
INFO 2025-09-25 18:55:06,025 basehttp 20556 94112 "OPTIONS /api/publications/ HTTP/1.1" 200 0
INFO 2025-09-25 18:55:06,214 basehttp 20556 94112 "GET /api/publications/ HTTP/1.1" 200 1618
INFO 2025-09-25 18:58:44,882 basehttp 20556 37148 "GET /api/publications/ HTTP/1.1" 200 1618
INFO 2025-09-25 18:58:50,593 basehttp 20556 74256 "POST /admin/api/recherchelaboratoire/add/ HTTP/1.1" 302 0
INFO 2025-09-25 18:58:50,992 basehttp 20556 74256 "GET /admin/api/recherchelaboratoire/ HTTP/1.1" 200 26781
INFO 2025-09-25 18:58:51,635 basehttp 20556 74256 "GET /static/admin/js/theme.js HTTP/1.1" 304 0
INFO 2025-09-25 18:58:51,638 basehttp 20556 94624 "GET /static/admin/css/changelists.css HTTP/1.1" 304 0
INFO 2025-09-25 18:58:51,645 basehttp 20556 8136 "GET /static/admin/js/vendor/jquery/jquery.js HTTP/1.1" 304 0
INFO 2025-09-25 18:58:51,654 basehttp 20556 74256 "GET /static/admin/js/admin/RelatedObjectLookups.js HTTP/1.1" 304 0
INFO 2025-09-25 18:58:51,654 basehttp 20556 94624 "GET /static/admin/js/actions.js HTTP/1.1" 304 0
INFO 2025-09-25 18:58:51,655 basehttp 20556 86424 "GET /static/admin/js/jquery.init.js HTTP/1.1" 304 0
INFO 2025-09-25 18:58:51,656 basehttp 20556 10712 "GET /static/admin/js/core.js HTTP/1.1" 304 0
INFO 2025-09-25 18:58:51,667 basehttp 20556 74256 "GET /static/admin/js/vendor/xregexp/xregexp.js HTTP/1.1" 304 0
INFO 2025-09-25 18:58:51,668 basehttp 20556 8136 "GET /static/admin/js/urlify.js HTTP/1.1" 304 0
INFO 2025-09-25 18:58:51,669 basehttp 20556 94624 "GET /static/admin/js/prepopulate.js HTTP/1.1" 304 0
INFO 2025-09-25 18:58:51,679 basehttp 20556 86424 "GET /static/admin/js/nav_sidebar.js HTTP/1.1" 304 0
INFO 2025-09-25 18:58:51,684 basehttp 20556 10712 "GET /static/admin/js/filters.js HTTP/1.1" 304 0
INFO 2025-09-25 18:58:51,690 basehttp 20556 40488 "GET /admin/jsi18n/ HTTP/1.1" 200 3342
WARNING 2025-09-25 18:58:51,978 log 20556 40488 Not Found: /favicon.ico
INFO 2025-09-25 18:58:51,983 basehttp 20556 40488 - Broken pipe from ('127.0.0.1', 52109)
INFO 2025-09-25 18:59:11,901 basehttp 20556 74256 "GET /admin/api/recherchelaboratoire/add/ HTTP/1.1" 200 28804
INFO 2025-09-25 18:59:12,147 basehttp 20556 8136 "GET /admin/jsi18n/ HTTP/1.1" 200 3342
INFO 2025-09-25 19:01:31,767 autoreload 20556 96680 C:\Users\HOUESSOU\Desktop\una\backand\api\views.py changed, reloading.
INFO 2025-09-25 19:01:33,550 autoreload 60584 28208 Watching for file changes with StatReloader
INFO 2025-09-25 19:01:59,548 autoreload 60584 28208 C:\Users\HOUESSOU\Desktop\una\backand\api\views.py changed, reloading.
INFO 2025-09-25 19:02:01,076 autoreload 70380 47400 Watching for file changes with StatReloader
INFO 2025-09-25 19:03:40,698 autoreload 70380 47400 C:\Users\HOUESSOU\Desktop\una\backand\api\views.py changed, reloading.
INFO 2025-09-25 19:03:42,534 autoreload 33472 11732 Watching for file changes with StatReloader
INFO 2025-09-25 19:03:49,732 autoreload 33472 11732 C:\Users\HOUESSOU\Desktop\una\backand\api\views.py changed, reloading.
INFO 2025-09-25 19:03:51,096 autoreload 43960 93756 Watching for file changes with StatReloader
INFO 2025-09-25 19:05:14,970 autoreload 43960 93756 C:\Users\HOUESSOU\Desktop\una\backand\api\views.py changed, reloading.
INFO 2025-09-25 19:05:16,249 autoreload 14624 79576 Watching for file changes with StatReloader
INFO 2025-09-25 19:05:46,195 basehttp 14624 75420 "GET /api/publications/ HTTP/1.1" 200 379
INFO 2025-09-25 19:06:06,105 basehttp 14624 59860 "GET /admin/api/recherchelaboratoire/ HTTP/1.1" 200 26499
INFO 2025-09-25 19:06:06,284 basehttp 14624 59860 "GET /admin/jsi18n/ HTTP/1.1" 200 3342
INFO 2025-09-25 19:06:09,445 basehttp 14624 59860 "GET /admin/api/recherchelaboratoire/2/change/ HTTP/1.1" 200 29176
INFO 2025-09-25 19:06:09,615 basehttp 14624 28800 "GET /admin/jsi18n/ HTTP/1.1" 200 3342
INFO 2025-09-25 19:06:11,197 basehttp 14624 59860 "GET /admin/api/recherchelaboratoire/2/delete/ HTTP/1.1" 200 24947
INFO 2025-09-25 19:06:11,614 basehttp 14624 28800 - Broken pipe from ('127.0.0.1', 52717)
INFO 2025-09-25 19:06:13,646 basehttp 14624 59860 "POST /admin/api/recherchelaboratoire/2/delete/ HTTP/1.1" 302 0
INFO 2025-09-25 19:06:13,733 basehttp 14624 59860 "GET /admin/api/recherchelaboratoire/ HTTP/1.1" 200 25065
INFO 2025-09-25 19:06:13,978 basehttp 14624 59860 "GET /admin/jsi18n/ HTTP/1.1" 200 3342
INFO 2025-09-25 19:06:18,294 basehttp 14624 75420 "GET /api/publications/ HTTP/1.1" 200 2
INFO 2025-09-25 21:45:45,774 basehttp 14624 89648 "GET /api/parcours/ HTTP/1.1" 200 414
INFO 2025-09-25 21:45:46,115 basehttp 14624 89648 "GET /api/parcours/3/ HTTP/1.1" 200 647
INFO 2025-09-25 21:45:46,115 basehttp 14624 38820 "GET /api/parcours/1/ HTTP/1.1" 200 565
INFO 2025-09-25 21:45:50,136 basehttp 14624 38820 "GET /api/parcours/1/ HTTP/1.1" 200 565
INFO 2025-09-25 21:45:50,136 basehttp 14624 89648 "GET /api/parcours/3/ HTTP/1.1" 200 647
INFO 2025-09-25 21:46:01,932 autoreload 14624 79576 C:\Users\HOUESSOU\Desktop\una\backand\api\views.py changed, reloading.
INFO 2025-09-25 21:46:06,229 autoreload 35980 88272 Watching for file changes with StatReloader
INFO 2025-09-25 21:46:31,492 basehttp 35980 84568 "GET /api/parcours/3/ HTTP/1.1" 200 647
INFO 2025-09-25 21:46:31,500 basehttp 35980 78668 "GET /api/parcours/1/ HTTP/1.1" 200 565
INFO 2025-09-25 21:46:33,155 basehttp 35980 84568 "GET /api/contacts/?laboratoire_id=1 HTTP/1.1" 200 285
INFO 2025-09-25 21:46:33,289 basehttp 35980 84568 "GET /api/contacts/1/horaires/ HTTP/1.1" 200 2
INFO 2025-09-25 21:49:17,871 autoreload 35980 88272 C:\Users\HOUESSOU\Desktop\una\backand\api\services.py changed, reloading.
INFO 2025-09-25 21:49:19,481 autoreload 42432 82396 Watching for file changes with StatReloader
INFO 2025-09-25 21:50:40,050 autoreload 21280 13232 Watching for file changes with StatReloader
INFO 2025-09-25 21:50:54,789 autoreload 21280 13232 C:\Users\HOUESSOU\Desktop\una\backand\api\services.py changed, reloading.
INFO 2025-09-25 21:50:55,570 autoreload 58880 24300 Watching for file changes with StatReloader
INFO 2025-09-25 21:52:42,795 autoreload 58880 24300 C:\Users\HOUESSOU\Desktop\una\backand\api\services.py changed, reloading.
INFO 2025-09-25 21:52:44,027 autoreload 88380 22312 Watching for file changes with StatReloader
INFO 2025-09-25 21:52:54,517 basehttp 88380 43368 "GET /admin/api/candidatureparcours/ HTTP/1.1" 200 33277
INFO 2025-09-25 21:52:54,877 basehttp 88380 43368 "GET /admin/jsi18n/ HTTP/1.1" 200 3342
INFO 2025-09-25 21:52:55,003 basehttp 88380 32264 - Broken pipe from ('127.0.0.1', 57057)
WARNING 2025-09-25 21:52:55,116 log 88380 43368 Not Found: /favicon.ico
INFO 2025-09-25 21:52:55,120 basehttp 88380 43368 - Broken pipe from ('127.0.0.1', 57055)
INFO 2025-09-25 21:53:02,010 basehttp 88380 65628 "GET /media/static/candidatures/cv/ex-001.docx HTTP/1.1" 200 12882
INFO 2025-09-25 21:53:09,922 basehttp 88380 43780 "GET /api/contacts/?laboratoire_id=1 HTTP/1.1" 200 285
INFO 2025-09-25 21:53:10,380 basehttp 88380 43780 "GET /api/contacts/1/horaires/ HTTP/1.1" 200 2
INFO 2025-09-25 21:53:11,192 basehttp 88380 43780 "GET /api/parcours/ HTTP/1.1" 200 414
INFO 2025-09-25 21:53:11,326 basehttp 88380 43780 "GET /api/parcours/3/ HTTP/1.1" 200 647
INFO 2025-09-25 21:53:11,335 basehttp 88380 97036 "GET /api/parcours/1/ HTTP/1.1" 200 565
INFO 2025-09-25 21:53:13,765 basehttp 88380 97036 "GET /api/parcours/1/ HTTP/1.1" 200 565
INFO 2025-09-25 21:53:13,765 basehttp 88380 43780 "GET /api/parcours/3/ HTTP/1.1" 200 647
ERROR 2025-09-25 21:54:42,162 services 88380 43780 Erreur lors de l'envoi des emails de candidature: 'CandidatureParcours' object has no attribute 'parcours_id'
INFO 2025-09-25 21:54:42,167 basehttp 88380 43780 "POST /api/candidatures/ HTTP/1.1" 201 929
INFO 2025-09-25 21:54:42,237 basehttp 88380 97036 "GET /api/parcours/1/ HTTP/1.1" 200 565
INFO 2025-09-25 21:54:42,237 basehttp 88380 43780 "GET /api/parcours/3/ HTTP/1.1" 200 647
INFO 2025-09-25 21:58:01,232 basehttp 88380 6124 "GET /admin/api/candidatureparcours/2/change/ HTTP/1.1" 200 50010
INFO 2025-09-25 21:58:01,453 basehttp 88380 6124 "GET /admin/jsi18n/ HTTP/1.1" 200 3342
INFO 2025-09-25 21:58:01,497 basehttp 88380 6124 - Broken pipe from ('127.0.0.1', 53069)
INFO 2025-09-25 21:58:01,497 basehttp 88380 90252 - Broken pipe from ('127.0.0.1', 53073)
INFO 2025-09-25 21:59:14,507 autoreload 88380 22312 C:\Users\HOUESSOU\Desktop\una\backand\api\views.py changed, reloading.
INFO 2025-09-25 21:59:15,743 autoreload 29532 90132 Watching for file changes with StatReloader
INFO 2025-09-25 22:01:12,526 autoreload 29532 90132 C:\Users\HOUESSOU\Desktop\una\backand\api\views.py changed, reloading.
INFO 2025-09-25 22:01:13,267 autoreload 73820 88316 Watching for file changes with StatReloader
INFO 2025-09-25 22:02:15,576 autoreload 73820 88316 C:\Users\HOUESSOU\Desktop\una\backand\api\services.py changed, reloading.
INFO 2025-09-25 22:02:16,277 autoreload 36292 45184 Watching for file changes with StatReloader
INFO 2025-09-25 22:02:47,654 basehttp 36292 8136 "GET /admin/api/candidatureparcours/ HTTP/1.1" 200 34800
INFO 2025-09-25 22:02:51,181 basehttp 36292 8136 "GET /admin/api/candidatureparcours/ HTTP/1.1" 200 34800
INFO 2025-09-25 22:02:51,296 basehttp 36292 8136 "GET /admin/jsi18n/ HTTP/1.1" 200 3342
INFO 2025-09-25 22:02:59,105 basehttp 36292 34296 "GET /api/parcours/1/ HTTP/1.1" 200 565
INFO 2025-09-25 22:02:59,113 basehttp 36292 55436 "GET /api/parcours/3/ HTTP/1.1" 200 647
ERROR 2025-09-25 22:04:23,085 services 36292 55436 Erreur lors de l'envoi des emails de candidature: 'LaboratoireParcour' object has no attribute 'nom'
INFO 2025-09-25 22:04:23,087 basehttp 36292 55436 "POST /api/candidatures/ HTTP/1.1" 201 969
INFO 2025-09-25 22:04:23,150 basehttp 36292 55436 "GET /api/parcours/3/ HTTP/1.1" 200 647
INFO 2025-09-25 22:04:23,150 basehttp 36292 34296 "GET /api/parcours/1/ HTTP/1.1" 200 565
INFO 2025-09-25 22:06:13,854 autoreload 36292 45184 C:\Users\HOUESSOU\Desktop\una\backand\api\services.py changed, reloading.
INFO 2025-09-25 22:06:14,887 autoreload 18464 84744 Watching for file changes with StatReloader
INFO 2025-09-25 22:06:43,141 autoreload 18464 84744 C:\Users\HOUESSOU\Desktop\una\backand\api\views.py changed, reloading.
INFO 2025-09-25 22:06:43,847 autoreload 9328 60704 Watching for file changes with StatReloader
INFO 2025-09-25 22:06:46,285 basehttp 9328 47172 "GET /api/parcours/1/ HTTP/1.1" 200 565
INFO 2025-09-25 22:06:46,302 basehttp 9328 56876 "GET /api/parcours/3/ HTTP/1.1" 200 647
INFO 2025-09-25 22:07:32,550 basehttp 9328 56876 "GET /api/parcours/3/ HTTP/1.1" 200 647
INFO 2025-09-25 22:07:32,550 basehttp 9328 47172 "GET /api/parcours/1/ HTTP/1.1" 200 565
INFO 2025-09-25 22:07:36,039 basehttp 9328 47172 "GET /api/parcours/1/ HTTP/1.1" 200 565
INFO 2025-09-25 22:07:36,041 basehttp 9328 56876 "GET /api/parcours/3/ HTTP/1.1" 200 647
WARNING 2025-09-25 22:08:08,694 log 9328 56876 Bad Request: /api/candidatures/
WARNING 2025-09-25 22:08:08,694 basehttp 9328 56876 "POST /api/candidatures/ HTTP/1.1" 400 82
WARNING 2025-09-25 22:08:14,328 log 9328 56876 Bad Request: /api/candidatures/
WARNING 2025-09-25 22:08:14,328 basehttp 9328 56876 "POST /api/candidatures/ HTTP/1.1" 400 82
INFO 2025-09-25 22:08:26,119 basehttp 9328 47172 "GET /api/parcours/1/ HTTP/1.1" 200 565
INFO 2025-09-25 22:08:26,124 basehttp 9328 56876 "GET /api/parcours/3/ HTTP/1.1" 200 647
INFO 2025-09-25 22:08:35,204 basehttp 9328 62860 "GET /admin/api/candidatureparcours/3/change/ HTTP/1.1" 200 49925
INFO 2025-09-25 22:08:35,405 basehttp 9328 62860 "GET /admin/jsi18n/ HTTP/1.1" 200 3342
INFO 2025-09-25 22:08:40,057 basehttp 9328 62860 "GET /admin/api/candidatureparcours/3/delete/ HTTP/1.1" 200 24830
INFO 2025-09-25 22:08:41,879 basehttp 9328 62860 "POST /admin/api/candidatureparcours/3/delete/ HTTP/1.1" 302 0
INFO 2025-09-25 22:08:41,943 basehttp 9328 62860 "GET /admin/api/candidatureparcours/ HTTP/1.1" 200 35019
INFO 2025-09-25 22:08:42,048 basehttp 9328 62860 "GET /admin/jsi18n/ HTTP/1.1" 200 3342
INFO 2025-09-25 22:08:44,896 basehttp 9328 62860 "GET /admin/api/candidatureparcours/2/change/ HTTP/1.1" 200 50010
INFO 2025-09-25 22:08:45,050 basehttp 9328 25976 "GET /admin/jsi18n/ HTTP/1.1" 200 3342
INFO 2025-09-25 22:08:48,338 basehttp 9328 62860 "GET /admin/api/candidatureparcours/2/delete/ HTTP/1.1" 200 24833
INFO 2025-09-25 22:08:50,113 basehttp 9328 62860 "POST /admin/api/candidatureparcours/2/delete/ HTTP/1.1" 302 0
INFO 2025-09-25 22:08:50,153 basehttp 9328 62860 "GET /admin/api/candidatureparcours/ HTTP/1.1" 200 33474
INFO 2025-09-25 22:08:50,259 basehttp 9328 25976 "GET /admin/jsi18n/ HTTP/1.1" 200 3342
INFO 2025-09-25 22:08:53,244 basehttp 9328 62860 "GET /admin/api/candidatureparcours/1/change/ HTTP/1.1" 200 50035
INFO 2025-09-25 22:08:53,370 basehttp 9328 25976 "GET /admin/jsi18n/ HTTP/1.1" 200 3342
INFO 2025-09-25 22:08:55,816 basehttp 9328 62860 "GET /admin/api/candidatureparcours/1/delete/ HTTP/1.1" 200 24830
INFO 2025-09-25 22:08:57,420 basehttp 9328 62860 "POST /admin/api/candidatureparcours/1/delete/ HTTP/1.1" 302 0
INFO 2025-09-25 22:08:57,462 basehttp 9328 62860 "GET /admin/api/candidatureparcours/ HTTP/1.1" 200 31920
INFO 2025-09-25 22:08:57,560 basehttp 9328 25976 "GET /admin/jsi18n/ HTTP/1.1" 200 3342
INFO 2025-09-25 22:08:59,506 basehttp 9328 62860 "GET /admin/api/candidatureparcours/4/change/ HTTP/1.1" 200 50057
INFO 2025-09-25 22:08:59,618 basehttp 9328 25976 "GET /admin/jsi18n/ HTTP/1.1" 200 3342
INFO 2025-09-25 22:09:02,410 basehttp 9328 62860 "GET /admin/api/candidatureparcours/4/delete/ HTTP/1.1" 200 24827
INFO 2025-09-25 22:09:04,269 basehttp 9328 62860 "POST /admin/api/candidatureparcours/4/delete/ HTTP/1.1" 302 0
INFO 2025-09-25 22:09:04,304 basehttp 9328 62860 "GET /admin/api/candidatureparcours/ HTTP/1.1" 200 28308
INFO 2025-09-25 22:09:04,410 basehttp 9328 25976 "GET /admin/jsi18n/ HTTP/1.1" 200 3342
INFO 2025-09-25 22:09:07,773 basehttp 9328 47172 "GET /api/parcours/1/ HTTP/1.1" 200 565
INFO 2025-09-25 22:09:07,773 basehttp 9328 56876 "GET /api/parcours/3/ HTTP/1.1" 200 647
ERROR 2025-09-25 22:09:14,516 services 9328 56876 Erreur lors de l'envoi des emails de candidature: 'LaboratoireParcour' object has no attribute 'nom'
INFO 2025-09-25 22:09:14,519 basehttp 9328 56876 "POST /api/candidatures/ HTTP/1.1" 201 963
INFO 2025-09-25 22:09:14,593 basehttp 9328 56876 "GET /api/parcours/3/ HTTP/1.1" 200 647
INFO 2025-09-25 22:09:14,597 basehttp 9328 47172 "GET /api/parcours/1/ HTTP/1.1" 200 565
INFO 2025-09-25 22:10:22,110 autoreload 9328 60704 C:\Users\HOUESSOU\Desktop\una\backand\api\services.py changed, reloading.
INFO 2025-09-25 22:10:25,163 autoreload 83032 8020 Watching for file changes with StatReloader
INFO 2025-09-25 22:10:29,163 basehttp 83032 62716 "GET /api/parcours/ HTTP/1.1" 200 414
INFO 2025-09-25 22:10:29,605 basehttp 83032 62716 "GET /api/parcours/3/ HTTP/1.1" 200 647
INFO 2025-09-25 22:10:29,605 basehttp 83032 95744 "GET /api/parcours/1/ HTTP/1.1" 200 565
INFO 2025-09-25 22:10:34,781 basehttp 83032 62716 "GET /api/publications/ HTTP/1.1" 200 2
INFO 2025-09-25 22:10:45,398 basehttp 83032 18188 "GET /admin/api/recherchepublication/ HTTP/1.1" 200 29384
INFO 2025-09-25 22:10:45,532 basehttp 83032 18188 "GET /admin/jsi18n/ HTTP/1.1" 200 3342
INFO 2025-09-25 22:10:53,151 basehttp 83032 18188 "GET /admin/api/recherchelaboratoire/ HTTP/1.1" 200 24837
INFO 2025-09-25 22:10:53,329 basehttp 83032 18188 "GET /admin/jsi18n/ HTTP/1.1" 200 3342
INFO 2025-09-25 22:10:55,581 basehttp 83032 18188 "GET /admin/api/recherchelaboratoire/add/ HTTP/1.1" 200 28804
INFO 2025-09-25 22:10:55,685 basehttp 83032 90704 "GET /admin/jsi18n/ HTTP/1.1" 200 3342
INFO 2025-09-25 22:11:03,570 basehttp 83032 18188 "POST /admin/api/recherchelaboratoire/add/ HTTP/1.1" 302 0
INFO 2025-09-25 22:11:03,614 basehttp 83032 18188 "GET /admin/api/recherchelaboratoire/ HTTP/1.1" 200 26781
INFO 2025-09-25 22:11:03,732 basehttp 83032 90704 "GET /admin/jsi18n/ HTTP/1.1" 200 3342
INFO 2025-09-25 22:11:07,161 basehttp 83032 62716 "GET /api/publications/ HTTP/1.1" 200 379
INFO 2025-09-26 15:45:21,158 basehttp 83032 71768 "OPTIONS /api/contacts/?laboratoire_id=1 HTTP/1.1" 200 0
INFO 2025-09-26 15:45:21,321 basehttp 83032 71768 "GET /api/contacts/?laboratoire_id=1 HTTP/1.1" 200 285
INFO 2025-09-26 15:45:21,400 basehttp 83032 71768 "OPTIONS /api/contacts/1/horaires/ HTTP/1.1" 200 0
INFO 2025-09-26 15:45:21,426 basehttp 83032 71768 "GET /api/contacts/1/horaires/ HTTP/1.1" 200 2
INFO 2025-09-26 15:45:55,469 basehttp 83032 71768 "GET /api/parcours/ HTTP/1.1" 200 414
INFO 2025-09-26 15:45:55,622 basehttp 83032 71768 "OPTIONS /api/parcours/3/ HTTP/1.1" 200 0
INFO 2025-09-26 15:45:55,624 basehttp 83032 8188 "OPTIONS /api/parcours/1/ HTTP/1.1" 200 0
INFO 2025-09-26 15:45:55,693 basehttp 83032 8188 "GET /api/parcours/1/ HTTP/1.1" 200 565
INFO 2025-09-26 15:45:55,693 basehttp 83032 71768 "GET /api/parcours/3/ HTTP/1.1" 200 647
